Сборка начата 25.04.2022 17:05:13.
Уровень детализации журнала: Normal.     1>Проект "C:\instit\lab\ОАИП\lab12\dop3\dop3\dop3.vcxproj" в узле 2 (целевые объекты Build).
     1>InitializeBuildStatus:
         Создание "Debug\dop3.tlog\unsuccessfulbuild", так как было задано "AlwaysCreate".
       ClCompile:
         C:\Program Files (x86)\Microsoft Visual Studio\2019\Community\VC\Tools\MSVC\14.29.30133\bin\HostX86\x86\CL.exe /c /ZI /JMC /nologo /W3 /WX- /diagnostics:column /sdl /Od /Oy- /D WIN32 /D _DEBUG /D _CONSOLE /D _UNICODE /D UNICODE /Gm- /EHsc /RTC1 /MDd /GS /fp:precise /permissive- /Zc:wchar_t /Zc:forScope /Zc:inline /Fo"Debug\\" /Fd"Debug\vc142.pdb" /external:W3 /Gd /TP /analyze- /FC /errorReport:prompt dop3.cpp
         dop3.cpp
     1>C:\instit\lab\ОАИП\lab12\dop3\dop3\dop3.cpp(11,1): warning C4005: max: изменение макроопределения
       C:\Program Files (x86)\Windows Kits\10\Include\10.0.19041.0\shared\minwindef.h(193): message : см. предыдущее определение "max"
     1>C:\instit\lab\ОАИП\lab12\dop3\dop3\dop3.cpp(32,1): warning C4326: возвращаемый тип "main" должен быть "int", а не "void"
     1>C:\instit\lab\ОАИП\lab12\dop3\dop3\dop3.cpp(33,12): warning C4244: аргумент: преобразование "time_t" в "unsigned int", возможна потеря данных
     1>C:\instit\lab\ОАИП\lab12\dop3\dop3\dop3.cpp(38,19): warning C4101: letter: неиспользованная локальная переменная
     1>C:\instit\lab\ОАИП\lab12\dop3\dop3\dop3.cpp(38,16): warning C4101: s: неиспользованная локальная переменная
     1>C:\instit\lab\ОАИП\lab12\dop3\dop3\dop3.cpp(125): warning C4715: insertElem: значение возвращается не при всех путях выполнения
       Link:
         C:\Program Files (x86)\Microsoft Visual Studio\2019\Community\VC\Tools\MSVC\14.29.30133\bin\HostX86\x86\link.exe /ERRORREPORT:PROMPT /OUT:"C:\instit\lab\ОАИП\lab12\dop3\Debug\dop3.exe" /INCREMENTAL /ILK:"Debug\dop3.ilk" /NOLOGO kernel32.lib user32.lib gdi32.lib winspool.lib comdlg32.lib advapi32.lib shell32.lib ole32.lib oleaut32.lib uuid.lib odbc32.lib odbccp32.lib /MANIFEST /MANIFESTUAC:"level='asInvoker' uiAccess='false'" /manifest:embed /DEBUG /PDB:"C:\instit\lab\ОАИП\lab12\dop3\Debug\dop3.pdb" /SUBSYSTEM:CONSOLE /TLBID:1 /DYNAMICBASE /NXCOMPAT /IMPLIB:"C:\instit\lab\ОАИП\lab12\dop3\Debug\dop3.lib" /MACHINE:X86 Debug\dop3.obj
         dop3.vcxproj -> C:\instit\lab\ОАИП\lab12\dop3\Debug\dop3.exe
       FinalizeBuildStatus:
         Файл "Debug\dop3.tlog\unsuccessfulbuild" удаляется.
         Обращение к "Debug\dop3.tlog\dop3.lastbuildstate".
     1>Сборка проекта "C:\instit\lab\ОАИП\lab12\dop3\dop3\dop3.vcxproj" завершена (целевые объекты Build).

Сборка успешно завершена.

       "C:\instit\lab\ОАИП\lab12\dop3\dop3\dop3.vcxproj" (целевой объект Build ) (1) ->
       (Целевой объект ClCompile) -> 
         C:\instit\lab\ОАИП\lab12\dop3\dop3\dop3.cpp(11,1): warning C4005: max: изменение макроопределения
         C:\instit\lab\ОАИП\lab12\dop3\dop3\dop3.cpp(32,1): warning C4326: возвращаемый тип "main" должен быть "int", а не "void"
         C:\instit\lab\ОАИП\lab12\dop3\dop3\dop3.cpp(33,12): warning C4244: аргумент: преобразование "time_t" в "unsigned int", возможна потеря данных
         C:\instit\lab\ОАИП\lab12\dop3\dop3\dop3.cpp(38,19): warning C4101: letter: неиспользованная локальная переменная
         C:\instit\lab\ОАИП\lab12\dop3\dop3\dop3.cpp(38,16): warning C4101: s: неиспользованная локальная переменная
         C:\instit\lab\ОАИП\lab12\dop3\dop3\dop3.cpp(125): warning C4715: insertElem: значение возвращается не при всех путях выполнения

    Предупреждений: 6
    Ошибок: 0

Прошло времени 00:00:01.23
