Сборка начата 21.02.2022 16:55:49.
Уровень детализации журнала: Normal.     1>Проект "C:\instit\lab\ОАИП\lab4\TRAIN\TRAIN\TRAIN.vcxproj" в узле 2 (целевые объекты Build).
     1>InitializeBuildStatus:
         Создание "Debug\TRAIN.tlog\unsuccessfulbuild", так как было задано "AlwaysCreate".
       ClCompile:
         C:\Program Files (x86)\Microsoft Visual Studio\2019\Community\VC\Tools\MSVC\14.29.30133\bin\HostX86\x86\CL.exe /c /ZI /JMC /nologo /W3 /WX- /diagnostics:column /sdl /Od /Oy- /D WIN32 /D _DEBUG /D _CONSOLE /D _UNICODE /D UNICODE /Gm- /EHsc /RTC1 /MDd /GS /fp:precise /permissive- /Zc:wchar_t /Zc:forScope /Zc:inline /Fo"Debug\\" /Fd"Debug\vc142.pdb" /external:W3 /Gd /TP /analyze- /FC /errorReport:prompt TRAIN.cpp
         TRAIN.cpp
     1>C:\instit\lab\ОАИП\lab4\TRAIN\TRAIN\TRAIN.cpp(22,25): warning C4101: swap: неиспользованная локальная переменная
     1>C:\instit\lab\ОАИП\lab4\TRAIN\TRAIN\TRAIN.cpp(22,31): warning C4101: sn: неиспользованная локальная переменная
     1>C:\instit\lab\ОАИП\lab4\TRAIN\TRAIN\TRAIN.cpp(20,7): warning C4101: cur: неиспользованная локальная переменная
       Link:
         C:\Program Files (x86)\Microsoft Visual Studio\2019\Community\VC\Tools\MSVC\14.29.30133\bin\HostX86\x86\link.exe /ERRORREPORT:PROMPT /OUT:"C:\instit\lab\ОАИП\lab4\TRAIN\Debug\TRAIN.exe" /INCREMENTAL /ILK:"Debug\TRAIN.ilk" /NOLOGO kernel32.lib user32.lib gdi32.lib winspool.lib comdlg32.lib advapi32.lib shell32.lib ole32.lib oleaut32.lib uuid.lib odbc32.lib odbccp32.lib /MANIFEST /MANIFESTUAC:"level='asInvoker' uiAccess='false'" /manifest:embed /DEBUG /PDB:"C:\instit\lab\ОАИП\lab4\TRAIN\Debug\TRAIN.pdb" /SUBSYSTEM:CONSOLE /TLBID:1 /DYNAMICBASE /NXCOMPAT /IMPLIB:"C:\instit\lab\ОАИП\lab4\TRAIN\Debug\TRAIN.lib" /MACHINE:X86 Debug\TRAIN.obj
         TRAIN.vcxproj -> C:\instit\lab\ОАИП\lab4\TRAIN\Debug\TRAIN.exe
       FinalizeBuildStatus:
         Файл "Debug\TRAIN.tlog\unsuccessfulbuild" удаляется.
         Обращение к "Debug\TRAIN.tlog\TRAIN.lastbuildstate".
     1>Сборка проекта "C:\instit\lab\ОАИП\lab4\TRAIN\TRAIN\TRAIN.vcxproj" завершена (целевые объекты Build).

Сборка успешно завершена.

       "C:\instit\lab\ОАИП\lab4\TRAIN\TRAIN\TRAIN.vcxproj" (целевой объект Build ) (1) ->
       (Целевой объект ClCompile) -> 
         C:\instit\lab\ОАИП\lab4\TRAIN\TRAIN\TRAIN.cpp(22,25): warning C4101: swap: неиспользованная локальная переменная
         C:\instit\lab\ОАИП\lab4\TRAIN\TRAIN\TRAIN.cpp(22,31): warning C4101: sn: неиспользованная локальная переменная
         C:\instit\lab\ОАИП\lab4\TRAIN\TRAIN\TRAIN.cpp(20,7): warning C4101: cur: неиспользованная локальная переменная

    Предупреждений: 3
    Ошибок: 0

Прошло времени 00:00:01.54
