Сборка начата 15.03.2022 16:52:21.
Уровень детализации журнала: Normal.     1>Проект "C:\instit\lab\КПО\lab3\laba3\laba3\laba3.vcxproj" в узле 2 (целевые объекты Build).
     1>InitializeBuildStatus:
         Обращение к "Debug\laba3.tlog\unsuccessfulbuild".
       ClCompile:
         C:\Program Files (x86)\Microsoft Visual Studio\2019\Community\VC\Tools\MSVC\14.29.30133\bin\HostX86\x86\CL.exe /c /ZI /JMC /nologo /W3 /WX- /diagnostics:column /sdl /Od /Oy- /D WIN32 /D _DEBUG /D _CONSOLE /D _MBCS /Gm- /EHsc /RTC1 /MDd /GS /fp:precise /permissive- /Zc:wchar_t /Zc:forScope /Zc:inline /Fo"Debug\\" /Fd"Debug\vc142.pdb" /external:W3 /Gd /TP /analyze- /FC /errorReport:prompt laba3.cpp
         laba3.cpp
     1>C:\instit\lab\КПО\lab3\laba3\laba3\laba3.cpp(45,19): warning C4305: инициализация: усечение из "unsigned int" в "short"
     1>C:\instit\lab\КПО\lab3\laba3\laba3\laba3.cpp(45,9): warning C4309: инициализация: усечение константного значения
     1>C:\instit\lab\КПО\lab3\laba3\laba3\laba3.cpp(62,21): warning C4309: инициализация: усечение константного значения
     1>C:\instit\lab\КПО\lab3\laba3\laba3\laba3.cpp(68): warning C4723: возможное деление на 0
     1>C:\instit\lab\КПО\lab3\laba3\laba3\laba3.cpp(69): warning C4723: возможное деление на 0
       Link:
         C:\Program Files (x86)\Microsoft Visual Studio\2019\Community\VC\Tools\MSVC\14.29.30133\bin\HostX86\x86\link.exe /ERRORREPORT:PROMPT /OUT:"C:\instit\lab\КПО\lab3\laba3\Debug\laba3.exe" /INCREMENTAL /ILK:"Debug\laba3.ilk" /NOLOGO kernel32.lib user32.lib gdi32.lib winspool.lib comdlg32.lib advapi32.lib shell32.lib ole32.lib oleaut32.lib uuid.lib odbc32.lib odbccp32.lib /MANIFEST /MANIFESTUAC:"level='asInvoker' uiAccess='false'" /manifest:embed /DEBUG /PDB:"C:\instit\lab\КПО\lab3\laba3\Debug\laba3.pdb" /SUBSYSTEM:CONSOLE /TLBID:1 /DYNAMICBASE /NXCOMPAT /IMPLIB:"C:\instit\lab\КПО\lab3\laba3\Debug\laba3.lib" /MACHINE:X86 Debug\laba3.obj
     1>LINK : fatal error LNK1168: не удается открыть C:\instit\lab\КПО\lab3\laba3\Debug\laba3.exe для записи
     1>Сборка проекта "C:\instit\lab\КПО\lab3\laba3\laba3\laba3.vcxproj" завершена (целевые объекты Build) с ошибкой.

Ошибка сборки.

       "C:\instit\lab\КПО\lab3\laba3\laba3\laba3.vcxproj" (целевой объект Build ) (1) ->
       (Целевой объект ClCompile) -> 
         C:\instit\lab\КПО\lab3\laba3\laba3\laba3.cpp(45,19): warning C4305: инициализация: усечение из "unsigned int" в "short"
         C:\instit\lab\КПО\lab3\laba3\laba3\laba3.cpp(45,9): warning C4309: инициализация: усечение константного значения
         C:\instit\lab\КПО\lab3\laba3\laba3\laba3.cpp(62,21): warning C4309: инициализация: усечение константного значения
         C:\instit\lab\КПО\lab3\laba3\laba3\laba3.cpp(68): warning C4723: возможное деление на 0
         C:\instit\lab\КПО\lab3\laba3\laba3\laba3.cpp(69): warning C4723: возможное деление на 0


       "C:\instit\lab\КПО\lab3\laba3\laba3\laba3.vcxproj" (целевой объект Build ) (1) ->
       (Целевой объект Link) -> 
         LINK : fatal error LNK1168: не удается открыть C:\instit\lab\КПО\lab3\laba3\Debug\laba3.exe для записи

    Предупреждений: 5
    Ошибок: 1

Прошло времени 00:00:01.14
