Сборка начата 23.03.2022 14:56:01.
Уровень детализации журнала: Normal.     1>Проект "C:\instit\lab\АиСД\lab3\sortirovka\sortirovka\sortirovka.vcxproj" в узле 2 (целевые объекты Build).
     1>InitializeBuildStatus:
         Создание "Debug\sortirovka.tlog\unsuccessfulbuild", так как было задано "AlwaysCreate".
       ClCompile:
         C:\Program Files (x86)\Microsoft Visual Studio\2019\Community\VC\Tools\MSVC\14.29.30133\bin\HostX86\x86\CL.exe /c /ZI /JMC /nologo /W3 /WX- /diagnostics:column /sdl /Od /Oy- /D WIN32 /D _DEBUG /D _CONSOLE /D _UNICODE /D UNICODE /Gm- /EHsc /RTC1 /MDd /GS /fp:precise /permissive- /Zc:wchar_t /Zc:forScope /Zc:inline /Fo"Debug\\" /Fd"Debug\vc142.pdb" /external:W3 /Gd /TP /analyze- /FC /errorReport:prompt sortirovka.cpp
         sortirovka.cpp
     1>C:\instit\lab\АиСД\lab3\sortirovka\sortirovka\sortirovka.cpp(11,15): warning C4244: аргумент: преобразование "time_t" в "unsigned int", возможна потеря данных
     1>C:\instit\lab\АиСД\lab3\sortirovka\sortirovka\sortirovka.cpp(63,22): warning C4101: buf: неиспользованная локальная переменная
       Link:
         C:\Program Files (x86)\Microsoft Visual Studio\2019\Community\VC\Tools\MSVC\14.29.30133\bin\HostX86\x86\link.exe /ERRORREPORT:PROMPT /OUT:"C:\instit\lab\АиСД\lab3\sortirovka\Debug\sortirovka.exe" /INCREMENTAL /ILK:"Debug\sortirovka.ilk" /NOLOGO kernel32.lib user32.lib gdi32.lib winspool.lib comdlg32.lib advapi32.lib shell32.lib ole32.lib oleaut32.lib uuid.lib odbc32.lib odbccp32.lib /MANIFEST /MANIFESTUAC:"level='asInvoker' uiAccess='false'" /manifest:embed /DEBUG /PDB:"C:\instit\lab\АиСД\lab3\sortirovka\Debug\sortirovka.pdb" /SUBSYSTEM:CONSOLE /TLBID:1 /DYNAMICBASE /NXCOMPAT /IMPLIB:"C:\instit\lab\АиСД\lab3\sortirovka\Debug\sortirovka.lib" /MACHINE:X86 Debug\sortirovka.obj
         sortirovka.vcxproj -> C:\instit\lab\АиСД\lab3\sortirovka\Debug\sortirovka.exe
       FinalizeBuildStatus:
         Файл "Debug\sortirovka.tlog\unsuccessfulbuild" удаляется.
         Обращение к "Debug\sortirovka.tlog\sortirovka.lastbuildstate".
     1>Сборка проекта "C:\instit\lab\АиСД\lab3\sortirovka\sortirovka\sortirovka.vcxproj" завершена (целевые объекты Build).

Сборка успешно завершена.

       "C:\instit\lab\АиСД\lab3\sortirovka\sortirovka\sortirovka.vcxproj" (целевой объект Build ) (1) ->
       (Целевой объект ClCompile) -> 
         C:\instit\lab\АиСД\lab3\sortirovka\sortirovka\sortirovka.cpp(11,15): warning C4244: аргумент: преобразование "time_t" в "unsigned int", возможна потеря данных
         C:\instit\lab\АиСД\lab3\sortirovka\sortirovka\sortirovka.cpp(63,22): warning C4101: buf: неиспользованная локальная переменная

    Предупреждений: 2
    Ошибок: 0

Прошло времени 00:00:01.87
