Сборка начата 21.02.2022 17:24:48.
Уровень детализации журнала: Normal.     1>Проект "C:\instit\lab\ОАИП\lab4\sanator\sanator\sanator.vcxproj" в узле 2 (целевые объекты Build).
     1>InitializeBuildStatus:
         Создание "Debug\sanator.tlog\unsuccessfulbuild", так как было задано "AlwaysCreate".
       ClCompile:
         C:\Program Files (x86)\Microsoft Visual Studio\2019\Community\VC\Tools\MSVC\14.29.30133\bin\HostX86\x86\CL.exe /c /ZI /JMC /nologo /W3 /WX- /diagnostics:column /sdl /Od /Oy- /D WIN32 /D _DEBUG /D _CONSOLE /D _UNICODE /D UNICODE /Gm- /EHsc /RTC1 /MDd /GS /fp:precise /permissive- /Zc:wchar_t /Zc:forScope /Zc:inline /Fo"Debug\\" /Fd"Debug\vc142.pdb" /external:W3 /Gd /TP /analyze- /FC /errorReport:prompt sanator.cpp
         sanator.cpp
     1>C:\instit\lab\ОАИП\lab4\sanator\sanator\sanator.cpp(92,21): warning C4018: <: несоответствие типов со знаком и без знака
     1>C:\instit\lab\ОАИП\lab4\sanator\sanator\sanator.cpp(108,1): warning C4326: возвращаемый тип "main" должен быть "int", а не "void"
       Link:
         C:\Program Files (x86)\Microsoft Visual Studio\2019\Community\VC\Tools\MSVC\14.29.30133\bin\HostX86\x86\link.exe /ERRORREPORT:PROMPT /OUT:"C:\instit\lab\ОАИП\lab4\sanator\Debug\sanator.exe" /INCREMENTAL /ILK:"Debug\sanator.ilk" /NOLOGO kernel32.lib user32.lib gdi32.lib winspool.lib comdlg32.lib advapi32.lib shell32.lib ole32.lib oleaut32.lib uuid.lib odbc32.lib odbccp32.lib /MANIFEST /MANIFESTUAC:"level='asInvoker' uiAccess='false'" /manifest:embed /DEBUG /PDB:"C:\instit\lab\ОАИП\lab4\sanator\Debug\sanator.pdb" /SUBSYSTEM:CONSOLE /TLBID:1 /DYNAMICBASE /NXCOMPAT /IMPLIB:"C:\instit\lab\ОАИП\lab4\sanator\Debug\sanator.lib" /MACHINE:X86 Debug\sanator.obj
         sanator.vcxproj -> C:\instit\lab\ОАИП\lab4\sanator\Debug\sanator.exe
       FinalizeBuildStatus:
         Файл "Debug\sanator.tlog\unsuccessfulbuild" удаляется.
         Обращение к "Debug\sanator.tlog\sanator.lastbuildstate".
     1>Сборка проекта "C:\instit\lab\ОАИП\lab4\sanator\sanator\sanator.vcxproj" завершена (целевые объекты Build).

Сборка успешно завершена.

       "C:\instit\lab\ОАИП\lab4\sanator\sanator\sanator.vcxproj" (целевой объект Build ) (1) ->
       (Целевой объект ClCompile) -> 
         C:\instit\lab\ОАИП\lab4\sanator\sanator\sanator.cpp(92,21): warning C4018: <: несоответствие типов со знаком и без знака
         C:\instit\lab\ОАИП\lab4\sanator\sanator\sanator.cpp(108,1): warning C4326: возвращаемый тип "main" должен быть "int", а не "void"

    Предупреждений: 2
    Ошибок: 0

Прошло времени 00:00:00.98
