Сборка начата 16.05.2022 16:33:01.
Уровень детализации журнала: Normal.     1>Проект "C:\instit\lab\ОАИП\lab15\dop1\dop3\dop3.vcxproj" в узле 2 (целевые объекты Build).
     1>InitializeBuildStatus:
         Создание "Debug\dop3.tlog\unsuccessfulbuild", так как было задано "AlwaysCreate".
       ClCompile:
         C:\Program Files (x86)\Microsoft Visual Studio\2019\Community\VC\Tools\MSVC\14.29.30133\bin\HostX86\x86\CL.exe /c /ZI /JMC /nologo /W3 /WX- /diagnostics:column /sdl /Od /Oy- /D WIN32 /D _DEBUG /D _CONSOLE /D _UNICODE /D UNICODE /Gm- /EHsc /RTC1 /MDd /GS /fp:precise /permissive- /Zc:wchar_t /Zc:forScope /Zc:inline /Fo"Debug\\" /Fd"Debug\vc142.pdb" /external:W3 /Gd /TP /analyze- /FC /errorReport:prompt Source.cpp Hash_Twin_Chain.h Source2.cpp Source3.cpp
         Source.cpp
     1>C:\instit\lab\ОАИП\lab15\dop1\dop3\Source.cpp(42,16): warning C4566: символ, представленный универсальным именем символа "\u00DD", невозможно представить в текущей кодовой странице (1251)
     1>C:\instit\lab\ОАИП\lab15\dop1\dop3\Source.cpp(42,16): warning C4566: символ, представленный универсальным именем символа "\u00EB", невозможно представить в текущей кодовой странице (1251)
     1>C:\instit\lab\ОАИП\lab15\dop1\dop3\Source.cpp(42,16): warning C4566: символ, представленный универсальным именем символа "\u00E5", невозможно представить в текущей кодовой странице (1251)
     1>C:\instit\lab\ОАИП\lab15\dop1\dop3\Source.cpp(42,16): warning C4566: символ, представленный универсальным именем символа "\u00EC", невозможно представить в текущей кодовой странице (1251)
     1>C:\instit\lab\ОАИП\lab15\dop1\dop3\Source.cpp(42,16): warning C4566: символ, представленный универсальным именем символа "\u00ED", невозможно представить в текущей кодовой странице (1251)
     1>C:\instit\lab\ОАИП\lab15\dop1\dop3\Source.cpp(42,16): warning C4566: символ, представленный универсальным именем символа "\u00F2", невозможно представить в текущей кодовой странице (1251)
     1>C:\instit\lab\ОАИП\lab15\dop1\dop3\Source.cpp(42,16): warning C4566: символ, представленный универсальным именем символа "\u00F3", невозможно представить в текущей кодовой странице (1251)
     1>C:\instit\lab\ОАИП\lab15\dop1\dop3\Source.cpp(42,16): warning C4566: символ, представленный универсальным именем символа "\u00E4", невозможно представить в текущей кодовой странице (1251)
     1>C:\instit\lab\ОАИП\lab15\dop1\dop3\Source.cpp(42,16): warning C4566: символ, представленный универсальным именем символа "\u00E0", невозможно представить в текущей кодовой странице (1251)
     1>C:\instit\lab\ОАИП\lab15\dop1\dop3\Source.cpp(72,17): warning C4566: символ, представленный универсальным именем символа "\u00CA", невозможно представить в текущей кодовой странице (1251)
     1>C:\instit\lab\ОАИП\lab15\dop1\dop3\Source.cpp(72,17): warning C4566: символ, представленный универсальным именем символа "\u00EB", невозможно представить в текущей кодовой странице (1251)
     1>C:\instit\lab\ОАИП\lab15\dop1\dop3\Source.cpp(72,17): warning C4566: символ, представленный универсальным именем символа "\u00FE", невозможно представить в текущей кодовой странице (1251)
     1>C:\instit\lab\ОАИП\lab15\dop1\dop3\Source.cpp(72,17): warning C4566: символ, представленный универсальным именем символа "\u00F7", невозможно представить в текущей кодовой странице (1251)
     1>C:\instit\lab\ОАИП\lab15\dop1\dop3\Source.cpp(72,65): warning C4566: символ, представленный универсальным именем символа "\u00D1", невозможно представить в текущей кодовой странице (1251)
     1>C:\instit\lab\ОАИП\lab15\dop1\dop3\Source.cpp(72,65): warning C4566: символ, представленный универсальным именем символа "\u00EB", невозможно представить в текущей кодовой странице (1251)
     1>C:\instit\lab\ОАИП\lab15\dop1\dop3\Source.cpp(72,65): warning C4566: символ, представленный универсальным именем символа "\u00EE", невозможно представить в текущей кодовой странице (1251)
     1>C:\instit\lab\ОАИП\lab15\dop1\dop3\Source.cpp(72,65): warning C4566: символ, представленный универсальным именем символа "\u00E2", невозможно представить в текущей кодовой странице (1251)
     1>C:\instit\lab\ОАИП\lab15\dop1\dop3\Source.cpp(78,17): warning C4566: символ, представленный универсальным именем символа "\u00CF", невозможно представить в текущей кодовой странице (1251)
     1>C:\instit\lab\ОАИП\lab15\dop1\dop3\Source.cpp(78,17): warning C4566: символ, представленный универсальным именем символа "\u00F3", невозможно представить в текущей кодовой странице (1251)
     1>C:\instit\lab\ОАИП\lab15\dop1\dop3\Source.cpp(78,17): warning C4566: символ, представленный универсальным именем символа "\u00F1", невозможно представить в текущей кодовой странице (1251)
     1>C:\instit\lab\ОАИП\lab15\dop1\dop3\Source.cpp(78,17): warning C4566: символ, представленный универсальным именем символа "\u00F2", невозможно представить в текущей кодовой странице (1251)
     1>C:\instit\lab\ОАИП\lab15\dop1\dop3\Source.cpp(78,17): warning C4566: символ, представленный универсальным именем символа "\u00E0", невозможно представить в текущей кодовой странице (1251)
     1>C:\instit\lab\ОАИП\lab15\dop1\dop3\Source.cpp(78,17): warning C4566: символ, представленный универсальным именем символа "\u00FF", невозможно представить в текущей кодовой странице (1251)
     1>C:\instit\lab\ОАИП\lab15\dop1\dop3\Source.cpp(78,17): warning C4566: символ, представленный универсальным именем символа "\u00F7", невозможно представить в текущей кодовой странице (1251)
     1>C:\instit\lab\ОАИП\lab15\dop1\dop3\Source.cpp(78,17): warning C4566: символ, представленный универсальным именем символа "\u00E5", невозможно представить в текущей кодовой странице (1251)
     1>C:\instit\lab\ОАИП\lab15\dop1\dop3\Source.cpp(78,17): warning C4566: символ, представленный универсальным именем символа "\u00E9", невозможно представить в текущей кодовой странице (1251)
     1>C:\instit\lab\ОАИП\lab15\dop1\dop3\Source.cpp(78,17): warning C4566: символ, представленный универсальным именем символа "\u00EA", невозможно представить в текущей кодовой странице (1251)
     1>C:\instit\lab\ОАИП\lab15\dop1\dop3\Source.cpp(89,18): warning C4566: символ, представленный универсальным именем символа "\u00CA", невозможно представить в текущей кодовой странице (1251)
     1>C:\instit\lab\ОАИП\lab15\dop1\dop3\Source.cpp(89,18): warning C4566: символ, представленный универсальным именем символа "\u00EB", невозможно представить в текущей кодовой странице (1251)
     1>C:\instit\lab\ОАИП\lab15\dop1\dop3\Source.cpp(89,18): warning C4566: символ, представленный универсальным именем символа "\u00FE", невозможно представить в текущей кодовой странице (1251)
     1>C:\instit\lab\ОАИП\lab15\dop1\dop3\Source.cpp(89,18): warning C4566: символ, представленный универсальным именем символа "\u00F7", невозможно представить в текущей кодовой странице (1251)
     1>C:\instit\lab\ОАИП\lab15\dop1\dop3\Source.cpp(89,66): warning C4566: символ, представленный универсальным именем символа "\u00D1", невозможно представить в текущей кодовой странице (1251)
     1>C:\instit\lab\ОАИП\lab15\dop1\dop3\Source.cpp(89,66): warning C4566: символ, представленный универсальным именем символа "\u00EB", невозможно представить в текущей кодовой странице (1251)
     1>C:\instit\lab\ОАИП\lab15\dop1\dop3\Source.cpp(89,66): warning C4566: символ, представленный универсальным именем символа "\u00EE", невозможно представить в текущей кодовой странице (1251)
     1>C:\instit\lab\ОАИП\lab15\dop1\dop3\Source.cpp(89,66): warning C4566: символ, представленный универсальным именем символа "\u00E2", невозможно представить в текущей кодовой странице (1251)
         Hash_Twin_Chain.h
         Source2.cpp
     1>C:\instit\lab\ОАИП\lab15\dop1\dop3\Source2.cpp(60,16): warning C4566: символ, представленный универсальным именем символа "\u00CD", невозможно представить в текущей кодовой странице (1251)
     1>C:\instit\lab\ОАИП\lab15\dop1\dop3\Source2.cpp(60,16): warning C4566: символ, представленный универсальным именем символа "\u00E0", невозможно представить в текущей кодовой странице (1251)
     1>C:\instit\lab\ОАИП\lab15\dop1\dop3\Source2.cpp(60,16): warning C4566: символ, представленный универсальным именем символа "\u00E9", невозможно представить в текущей кодовой странице (1251)
     1>C:\instit\lab\ОАИП\lab15\dop1\dop3\Source2.cpp(60,16): warning C4566: символ, представленный универсальным именем символа "\u00E4", невозможно представить в текущей кодовой странице (1251)
     1>C:\instit\lab\ОАИП\lab15\dop1\dop3\Source2.cpp(60,16): warning C4566: символ, представленный универсальным именем символа "\u00E5", невозможно представить в текущей кодовой странице (1251)
     1>C:\instit\lab\ОАИП\lab15\dop1\dop3\Source2.cpp(60,16): warning C4566: символ, представленный универсальным именем символа "\u00ED", невозможно представить в текущей кодовой странице (1251)
     1>C:\instit\lab\ОАИП\lab15\dop1\dop3\Source2.cpp(60,16): warning C4566: символ, представленный универсальным именем символа "\u00FB", невозможно представить в текущей кодовой странице (1251)
     1>C:\instit\lab\ОАИП\lab15\dop1\dop3\Source2.cpp(60,16): warning C4566: символ, представленный универсальным именем символа "\u00E7", невозможно представить в текущей кодовой странице (1251)
     1>C:\instit\lab\ОАИП\lab15\dop1\dop3\Source2.cpp(60,16): warning C4566: символ, представленный универсальным именем символа "\u00EF", невозможно представить в текущей кодовой странице (1251)
     1>C:\instit\lab\ОАИП\lab15\dop1\dop3\Source2.cpp(60,16): warning C4566: символ, представленный универсальным именем символа "\u00E8", невозможно представить в текущей кодовой странице (1251)
     1>C:\instit\lab\ОАИП\lab15\dop1\dop3\Source2.cpp(60,16): warning C4566: символ, представленный универсальным именем символа "\u00F1", невозможно представить в текущей кодовой странице (1251)
         Source3.cpp
     1>C:\instit\lab\ОАИП\lab15\dop1\dop3\Source3.cpp(45,12): warning C4244: аргумент: преобразование "time_t" в "unsigned int", возможна потеря данных
         Создание кода...
     1>C:\instit\lab\ОАИП\lab15\dop1\dop3\Source2.cpp(44): warning C4715: hashTC::Object::deleteByData: значение возвращается не при всех путях выполнения
       Link:
         C:\Program Files (x86)\Microsoft Visual Studio\2019\Community\VC\Tools\MSVC\14.29.30133\bin\HostX86\x86\link.exe /ERRORREPORT:PROMPT /OUT:"C:\instit\lab\ОАИП\lab15\dop1\Debug\dop3.exe" /INCREMENTAL /ILK:"Debug\dop3.ilk" /NOLOGO kernel32.lib user32.lib gdi32.lib winspool.lib comdlg32.lib advapi32.lib shell32.lib ole32.lib oleaut32.lib uuid.lib odbc32.lib odbccp32.lib /MANIFEST /MANIFESTUAC:"level='asInvoker' uiAccess='false'" /manifest:embed /DEBUG /PDB:"C:\instit\lab\ОАИП\lab15\dop1\Debug\dop3.pdb" /SUBSYSTEM:CONSOLE /TLBID:1 /DYNAMICBASE /NXCOMPAT /IMPLIB:"C:\instit\lab\ОАИП\lab15\dop1\Debug\dop3.lib" /MACHINE:X86 Debug\Source.obj
         Debug\Hash_Twin_Chain.obj
         Debug\Source2.obj
         Debug\Source3.obj
         dop3.vcxproj -> C:\instit\lab\ОАИП\lab15\dop1\Debug\dop3.exe
       FinalizeBuildStatus:
         Файл "Debug\dop3.tlog\unsuccessfulbuild" удаляется.
         Обращение к "Debug\dop3.tlog\dop3.lastbuildstate".
     1>Сборка проекта "C:\instit\lab\ОАИП\lab15\dop1\dop3\dop3.vcxproj" завершена (целевые объекты Build).

Сборка успешно завершена.

       "C:\instit\lab\ОАИП\lab15\dop1\dop3\dop3.vcxproj" (целевой объект Build ) (1) ->
       (Целевой объект ClCompile) -> 
         C:\instit\lab\ОАИП\lab15\dop1\dop3\Source.cpp(42,16): warning C4566: символ, представленный универсальным именем символа "\u00DD", невозможно представить в текущей кодовой странице (1251)
         C:\instit\lab\ОАИП\lab15\dop1\dop3\Source.cpp(42,16): warning C4566: символ, представленный универсальным именем символа "\u00EB", невозможно представить в текущей кодовой странице (1251)
         C:\instit\lab\ОАИП\lab15\dop1\dop3\Source.cpp(42,16): warning C4566: символ, представленный универсальным именем символа "\u00E5", невозможно представить в текущей кодовой странице (1251)
         C:\instit\lab\ОАИП\lab15\dop1\dop3\Source.cpp(42,16): warning C4566: символ, представленный универсальным именем символа "\u00EC", невозможно представить в текущей кодовой странице (1251)
         C:\instit\lab\ОАИП\lab15\dop1\dop3\Source.cpp(42,16): warning C4566: символ, представленный универсальным именем символа "\u00ED", невозможно представить в текущей кодовой странице (1251)
         C:\instit\lab\ОАИП\lab15\dop1\dop3\Source.cpp(42,16): warning C4566: символ, представленный универсальным именем символа "\u00F2", невозможно представить в текущей кодовой странице (1251)
         C:\instit\lab\ОАИП\lab15\dop1\dop3\Source.cpp(42,16): warning C4566: символ, представленный универсальным именем символа "\u00F3", невозможно представить в текущей кодовой странице (1251)
         C:\instit\lab\ОАИП\lab15\dop1\dop3\Source.cpp(42,16): warning C4566: символ, представленный универсальным именем символа "\u00E4", невозможно представить в текущей кодовой странице (1251)
         C:\instit\lab\ОАИП\lab15\dop1\dop3\Source.cpp(42,16): warning C4566: символ, представленный универсальным именем символа "\u00E0", невозможно представить в текущей кодовой странице (1251)
         C:\instit\lab\ОАИП\lab15\dop1\dop3\Source.cpp(72,17): warning C4566: символ, представленный универсальным именем символа "\u00CA", невозможно представить в текущей кодовой странице (1251)
         C:\instit\lab\ОАИП\lab15\dop1\dop3\Source.cpp(72,17): warning C4566: символ, представленный универсальным именем символа "\u00EB", невозможно представить в текущей кодовой странице (1251)
         C:\instit\lab\ОАИП\lab15\dop1\dop3\Source.cpp(72,17): warning C4566: символ, представленный универсальным именем символа "\u00FE", невозможно представить в текущей кодовой странице (1251)
         C:\instit\lab\ОАИП\lab15\dop1\dop3\Source.cpp(72,17): warning C4566: символ, представленный универсальным именем символа "\u00F7", невозможно представить в текущей кодовой странице (1251)
         C:\instit\lab\ОАИП\lab15\dop1\dop3\Source.cpp(72,65): warning C4566: символ, представленный универсальным именем символа "\u00D1", невозможно представить в текущей кодовой странице (1251)
         C:\instit\lab\ОАИП\lab15\dop1\dop3\Source.cpp(72,65): warning C4566: символ, представленный универсальным именем символа "\u00EB", невозможно представить в текущей кодовой странице (1251)
         C:\instit\lab\ОАИП\lab15\dop1\dop3\Source.cpp(72,65): warning C4566: символ, представленный универсальным именем символа "\u00EE", невозможно представить в текущей кодовой странице (1251)
         C:\instit\lab\ОАИП\lab15\dop1\dop3\Source.cpp(72,65): warning C4566: символ, представленный универсальным именем символа "\u00E2", невозможно представить в текущей кодовой странице (1251)
         C:\instit\lab\ОАИП\lab15\dop1\dop3\Source.cpp(78,17): warning C4566: символ, представленный универсальным именем символа "\u00CF", невозможно представить в текущей кодовой странице (1251)
         C:\instit\lab\ОАИП\lab15\dop1\dop3\Source.cpp(78,17): warning C4566: символ, представленный универсальным именем символа "\u00F3", невозможно представить в текущей кодовой странице (1251)
         C:\instit\lab\ОАИП\lab15\dop1\dop3\Source.cpp(78,17): warning C4566: символ, представленный универсальным именем символа "\u00F1", невозможно представить в текущей кодовой странице (1251)
         C:\instit\lab\ОАИП\lab15\dop1\dop3\Source.cpp(78,17): warning C4566: символ, представленный универсальным именем символа "\u00F2", невозможно представить в текущей кодовой странице (1251)
         C:\instit\lab\ОАИП\lab15\dop1\dop3\Source.cpp(78,17): warning C4566: символ, представленный универсальным именем символа "\u00E0", невозможно представить в текущей кодовой странице (1251)
         C:\instit\lab\ОАИП\lab15\dop1\dop3\Source.cpp(78,17): warning C4566: символ, представленный универсальным именем символа "\u00FF", невозможно представить в текущей кодовой странице (1251)
         C:\instit\lab\ОАИП\lab15\dop1\dop3\Source.cpp(78,17): warning C4566: символ, представленный универсальным именем символа "\u00F7", невозможно представить в текущей кодовой странице (1251)
         C:\instit\lab\ОАИП\lab15\dop1\dop3\Source.cpp(78,17): warning C4566: символ, представленный универсальным именем символа "\u00E5", невозможно представить в текущей кодовой странице (1251)
         C:\instit\lab\ОАИП\lab15\dop1\dop3\Source.cpp(78,17): warning C4566: символ, представленный универсальным именем символа "\u00E9", невозможно представить в текущей кодовой странице (1251)
         C:\instit\lab\ОАИП\lab15\dop1\dop3\Source.cpp(78,17): warning C4566: символ, представленный универсальным именем символа "\u00EA", невозможно представить в текущей кодовой странице (1251)
         C:\instit\lab\ОАИП\lab15\dop1\dop3\Source.cpp(89,18): warning C4566: символ, представленный универсальным именем символа "\u00CA", невозможно представить в текущей кодовой странице (1251)
         C:\instit\lab\ОАИП\lab15\dop1\dop3\Source.cpp(89,18): warning C4566: символ, представленный универсальным именем символа "\u00EB", невозможно представить в текущей кодовой странице (1251)
         C:\instit\lab\ОАИП\lab15\dop1\dop3\Source.cpp(89,18): warning C4566: символ, представленный универсальным именем символа "\u00FE", невозможно представить в текущей кодовой странице (1251)
         C:\instit\lab\ОАИП\lab15\dop1\dop3\Source.cpp(89,18): warning C4566: символ, представленный универсальным именем символа "\u00F7", невозможно представить в текущей кодовой странице (1251)
         C:\instit\lab\ОАИП\lab15\dop1\dop3\Source.cpp(89,66): warning C4566: символ, представленный универсальным именем символа "\u00D1", невозможно представить в текущей кодовой странице (1251)
         C:\instit\lab\ОАИП\lab15\dop1\dop3\Source.cpp(89,66): warning C4566: символ, представленный универсальным именем символа "\u00EB", невозможно представить в текущей кодовой странице (1251)
         C:\instit\lab\ОАИП\lab15\dop1\dop3\Source.cpp(89,66): warning C4566: символ, представленный универсальным именем символа "\u00EE", невозможно представить в текущей кодовой странице (1251)
         C:\instit\lab\ОАИП\lab15\dop1\dop3\Source.cpp(89,66): warning C4566: символ, представленный универсальным именем символа "\u00E2", невозможно представить в текущей кодовой странице (1251)
         C:\instit\lab\ОАИП\lab15\dop1\dop3\Source2.cpp(60,16): warning C4566: символ, представленный универсальным именем символа "\u00CD", невозможно представить в текущей кодовой странице (1251)
         C:\instit\lab\ОАИП\lab15\dop1\dop3\Source2.cpp(60,16): warning C4566: символ, представленный универсальным именем символа "\u00E0", невозможно представить в текущей кодовой странице (1251)
         C:\instit\lab\ОАИП\lab15\dop1\dop3\Source2.cpp(60,16): warning C4566: символ, представленный универсальным именем символа "\u00E9", невозможно представить в текущей кодовой странице (1251)
         C:\instit\lab\ОАИП\lab15\dop1\dop3\Source2.cpp(60,16): warning C4566: символ, представленный универсальным именем символа "\u00E4", невозможно представить в текущей кодовой странице (1251)
         C:\instit\lab\ОАИП\lab15\dop1\dop3\Source2.cpp(60,16): warning C4566: символ, представленный универсальным именем символа "\u00E5", невозможно представить в текущей кодовой странице (1251)
         C:\instit\lab\ОАИП\lab15\dop1\dop3\Source2.cpp(60,16): warning C4566: символ, представленный универсальным именем символа "\u00ED", невозможно представить в текущей кодовой странице (1251)
         C:\instit\lab\ОАИП\lab15\dop1\dop3\Source2.cpp(60,16): warning C4566: символ, представленный универсальным именем символа "\u00FB", невозможно представить в текущей кодовой странице (1251)
         C:\instit\lab\ОАИП\lab15\dop1\dop3\Source2.cpp(60,16): warning C4566: символ, представленный универсальным именем символа "\u00E7", невозможно представить в текущей кодовой странице (1251)
         C:\instit\lab\ОАИП\lab15\dop1\dop3\Source2.cpp(60,16): warning C4566: символ, представленный универсальным именем символа "\u00EF", невозможно представить в текущей кодовой странице (1251)
         C:\instit\lab\ОАИП\lab15\dop1\dop3\Source2.cpp(60,16): warning C4566: символ, представленный универсальным именем символа "\u00E8", невозможно представить в текущей кодовой странице (1251)
         C:\instit\lab\ОАИП\lab15\dop1\dop3\Source2.cpp(60,16): warning C4566: символ, представленный универсальным именем символа "\u00F1", невозможно представить в текущей кодовой странице (1251)
         C:\instit\lab\ОАИП\lab15\dop1\dop3\Source3.cpp(45,12): warning C4244: аргумент: преобразование "time_t" в "unsigned int", возможна потеря данных
         C:\instit\lab\ОАИП\lab15\dop1\dop3\Source2.cpp(44): warning C4715: hashTC::Object::deleteByData: значение возвращается не при всех путях выполнения

    Предупреждений: 48
    Ошибок: 0

Прошло времени 00:00:03.04
