Сборка начата 24.04.2022 11:41:28.
Уровень детализации журнала: Normal.     1>Проект "C:\instit\lab\КПО\lab9\lab9\lab9.vcxproj" в узле 2 (целевые объекты Build).
     1>PrepareForBuild:
         Создание каталога "C:\instit\lab\КПО\lab9\Debug\".
         Создание каталога "Debug\lab9.tlog\".
       InitializeBuildStatus:
         Создание "Debug\lab9.tlog\unsuccessfulbuild", так как было задано "AlwaysCreate".
       ClCompile:
         C:\Program Files (x86)\Microsoft Visual Studio\2019\Community\VC\Tools\MSVC\14.29.30133\bin\HostX86\x86\CL.exe /c /ZI /JMC /nologo /W3 /WX- /diagnostics:column /sdl /Od /Oy- /D WIN32 /D _DEBUG /D _CONSOLE /D _UNICODE /D UNICODE /Gm- /EHsc /RTC1 /MDd /GS /fp:precise /permissive- /Zc:wchar_t /Zc:forScope /Zc:inline /Fo"Debug\\" /Fd"Debug\vc142.pdb" /external:W3 /Gd /TP /analyze- /FC /errorReport:prompt lab9.cpp
         lab9.cpp
     1>C:\instit\lab\КПО\lab9\lab9\lab9.cpp(21,1): warning C4326: возвращаемый тип "main" должен быть "int", а не "void"
       Link:
         C:\Program Files (x86)\Microsoft Visual Studio\2019\Community\VC\Tools\MSVC\14.29.30133\bin\HostX86\x86\link.exe /ERRORREPORT:PROMPT /OUT:"C:\instit\lab\КПО\lab9\Debug\lab9.exe" /INCREMENTAL /ILK:"Debug\lab9.ilk" /NOLOGO kernel32.lib user32.lib gdi32.lib winspool.lib comdlg32.lib advapi32.lib shell32.lib ole32.lib oleaut32.lib uuid.lib odbc32.lib odbccp32.lib /MANIFEST /MANIFESTUAC:"level='asInvoker' uiAccess='false'" /manifest:embed /DEBUG /PDB:"C:\instit\lab\КПО\lab9\Debug\lab9.pdb" /SUBSYSTEM:CONSOLE /TLBID:1 /DYNAMICBASE /NXCOMPAT /IMPLIB:"C:\instit\lab\КПО\lab9\Debug\lab9.lib" /MACHINE:X86 Debug\lab9.obj
         lab9.vcxproj -> C:\instit\lab\КПО\lab9\Debug\lab9.exe
       FinalizeBuildStatus:
         Файл "Debug\lab9.tlog\unsuccessfulbuild" удаляется.
         Обращение к "Debug\lab9.tlog\lab9.lastbuildstate".
     1>Сборка проекта "C:\instit\lab\КПО\lab9\lab9\lab9.vcxproj" завершена (целевые объекты Build).

Сборка успешно завершена.

       "C:\instit\lab\КПО\lab9\lab9\lab9.vcxproj" (целевой объект Build ) (1) ->
       (Целевой объект ClCompile) -> 
         C:\instit\lab\КПО\lab9\lab9\lab9.cpp(21,1): warning C4326: возвращаемый тип "main" должен быть "int", а не "void"

    Предупреждений: 1
    Ошибок: 0

Прошло времени 00:00:01.57
