Сборка начата 16.05.2022 12:39:48.
Уровень детализации журнала: Normal.     1>Проект "C:\instit\lab\ОАИП\lab15\dop1\dop2\dop2.vcxproj" в узле 2 (целевые объекты Build).
     1>InitializeBuildStatus:
         Создание "Debug\dop2.tlog\unsuccessfulbuild", так как было задано "AlwaysCreate".
       ClCompile:
         C:\Program Files (x86)\Microsoft Visual Studio\2019\Community\VC\Tools\MSVC\14.29.30133\bin\HostX86\x86\CL.exe /c /ZI /JMC /nologo /W3 /WX- /diagnostics:column /sdl /Od /Oy- /D WIN32 /D _DEBUG /D _CONSOLE /D _UNICODE /D UNICODE /Gm- /EHsc /RTC1 /MDd /GS /fp:precise /permissive- /Zc:wchar_t /Zc:forScope /Zc:inline /Fo"Debug\\" /Fd"Debug\vc142.pdb" /external:W3 /Gd /TP /analyze- /FC /errorReport:prompt Source.cpp
         Source.cpp
     1>C:\instit\lab\ОАИП\lab15\dop1\dop2\check.h(24,20): warning C4018: <: несоответствие типов со знаком и без знака
     1>C:\instit\lab\ОАИП\lab15\dop1\dop2\check.h(26,21): warning C4018: <: несоответствие типов со знаком и без знака
     1>C:\instit\lab\ОАИП\lab15\dop1\dop2\check.h(59,20): warning C4018: <: несоответствие типов со знаком и без знака
     1>C:\instit\lab\ОАИП\lab15\dop1\dop2\check.h(61,21): warning C4018: <: несоответствие типов со знаком и без знака
     1>C:\instit\lab\ОАИП\lab15\dop1\dop2\check.h(89,21): warning C4018: <: несоответствие типов со знаком и без знака
     1>C:\instit\lab\ОАИП\lab15\dop1\dop2\check.h(118,20): warning C4018: <: несоответствие типов со знаком и без знака
     1>C:\instit\lab\ОАИП\lab15\dop1\dop2\check.h(120,21): warning C4018: <: несоответствие типов со знаком и без знака
     1>C:\instit\lab\ОАИП\lab15\dop1\dop2\check.h(157,21): warning C4018: <: несоответствие типов со знаком и без знака
     1>C:\instit\lab\ОАИП\lab15\dop1\dop2\check.h(190,20): warning C4018: <: несоответствие типов со знаком и без знака
     1>C:\instit\lab\ОАИП\lab15\dop1\dop2\check.h(194,26): warning C4018: <: несоответствие типов со знаком и без знака
     1>C:\instit\lab\ОАИП\lab15\dop1\dop2\check.h(198,24): warning C4018: <: несоответствие типов со знаком и без знака
     1>C:\instit\lab\ОАИП\lab15\dop1\dop2\check.h(216,20): warning C4018: <: несоответствие типов со знаком и без знака
     1>C:\instit\lab\ОАИП\lab15\dop1\dop2\check.h(220,26): warning C4018: <: несоответствие типов со знаком и без знака
     1>C:\instit\lab\ОАИП\lab15\dop1\dop2\check.h(224,24): warning C4018: <: несоответствие типов со знаком и без знака
     1>C:\instit\lab\ОАИП\lab15\dop1\dop2\check.h(246,20): warning C4018: <: несоответствие типов со знаком и без знака
     1>C:\instit\lab\ОАИП\lab15\dop1\dop2\check.h(268,20): warning C4018: <: несоответствие типов со знаком и без знака
     1>C:\instit\lab\ОАИП\lab15\dop1\dop2\check.h(290,20): warning C4018: <: несоответствие типов со знаком и без знака
     1>C:\instit\lab\ОАИП\lab15\dop1\dop2\check.h(312,20): warning C4018: <: несоответствие типов со знаком и без знака
     1>C:\instit\lab\ОАИП\lab15\dop1\dop2\check.h(330,20): warning C4018: <=: несоответствие типов со знаком и без знака
     1>C:\instit\lab\ОАИП\lab15\dop1\dop2\check.h(352,20): warning C4018: <: несоответствие типов со знаком и без знака
     1>C:\instit\lab\ОАИП\lab15\dop1\dop2\Source.cpp(129,1): warning C4326: возвращаемый тип "main" должен быть "int", а не "void"
       Link:
         C:\Program Files (x86)\Microsoft Visual Studio\2019\Community\VC\Tools\MSVC\14.29.30133\bin\HostX86\x86\link.exe /ERRORREPORT:PROMPT /OUT:"C:\instit\lab\ОАИП\lab15\dop1\Debug\dop2.exe" /INCREMENTAL /ILK:"Debug\dop2.ilk" /NOLOGO kernel32.lib user32.lib gdi32.lib winspool.lib comdlg32.lib advapi32.lib shell32.lib ole32.lib oleaut32.lib uuid.lib odbc32.lib odbccp32.lib /MANIFEST /MANIFESTUAC:"level='asInvoker' uiAccess='false'" /manifest:embed /DEBUG /PDB:"C:\instit\lab\ОАИП\lab15\dop1\Debug\dop2.pdb" /SUBSYSTEM:CONSOLE /TLBID:1 /DYNAMICBASE /NXCOMPAT /IMPLIB:"C:\instit\lab\ОАИП\lab15\dop1\Debug\dop2.lib" /MACHINE:X86 Debug\Source.obj
         dop2.vcxproj -> C:\instit\lab\ОАИП\lab15\dop1\Debug\dop2.exe
       FinalizeBuildStatus:
         Файл "Debug\dop2.tlog\unsuccessfulbuild" удаляется.
         Обращение к "Debug\dop2.tlog\dop2.lastbuildstate".
     1>Сборка проекта "C:\instit\lab\ОАИП\lab15\dop1\dop2\dop2.vcxproj" завершена (целевые объекты Build).

Сборка успешно завершена.

       "C:\instit\lab\ОАИП\lab15\dop1\dop2\dop2.vcxproj" (целевой объект Build ) (1) ->
       (Целевой объект ClCompile) -> 
         C:\instit\lab\ОАИП\lab15\dop1\dop2\check.h(24,20): warning C4018: <: несоответствие типов со знаком и без знака
         C:\instit\lab\ОАИП\lab15\dop1\dop2\check.h(26,21): warning C4018: <: несоответствие типов со знаком и без знака
         C:\instit\lab\ОАИП\lab15\dop1\dop2\check.h(59,20): warning C4018: <: несоответствие типов со знаком и без знака
         C:\instit\lab\ОАИП\lab15\dop1\dop2\check.h(61,21): warning C4018: <: несоответствие типов со знаком и без знака
         C:\instit\lab\ОАИП\lab15\dop1\dop2\check.h(89,21): warning C4018: <: несоответствие типов со знаком и без знака
         C:\instit\lab\ОАИП\lab15\dop1\dop2\check.h(118,20): warning C4018: <: несоответствие типов со знаком и без знака
         C:\instit\lab\ОАИП\lab15\dop1\dop2\check.h(120,21): warning C4018: <: несоответствие типов со знаком и без знака
         C:\instit\lab\ОАИП\lab15\dop1\dop2\check.h(157,21): warning C4018: <: несоответствие типов со знаком и без знака
         C:\instit\lab\ОАИП\lab15\dop1\dop2\check.h(190,20): warning C4018: <: несоответствие типов со знаком и без знака
         C:\instit\lab\ОАИП\lab15\dop1\dop2\check.h(194,26): warning C4018: <: несоответствие типов со знаком и без знака
         C:\instit\lab\ОАИП\lab15\dop1\dop2\check.h(198,24): warning C4018: <: несоответствие типов со знаком и без знака
         C:\instit\lab\ОАИП\lab15\dop1\dop2\check.h(216,20): warning C4018: <: несоответствие типов со знаком и без знака
         C:\instit\lab\ОАИП\lab15\dop1\dop2\check.h(220,26): warning C4018: <: несоответствие типов со знаком и без знака
         C:\instit\lab\ОАИП\lab15\dop1\dop2\check.h(224,24): warning C4018: <: несоответствие типов со знаком и без знака
         C:\instit\lab\ОАИП\lab15\dop1\dop2\check.h(246,20): warning C4018: <: несоответствие типов со знаком и без знака
         C:\instit\lab\ОАИП\lab15\dop1\dop2\check.h(268,20): warning C4018: <: несоответствие типов со знаком и без знака
         C:\instit\lab\ОАИП\lab15\dop1\dop2\check.h(290,20): warning C4018: <: несоответствие типов со знаком и без знака
         C:\instit\lab\ОАИП\lab15\dop1\dop2\check.h(312,20): warning C4018: <: несоответствие типов со знаком и без знака
         C:\instit\lab\ОАИП\lab15\dop1\dop2\check.h(330,20): warning C4018: <=: несоответствие типов со знаком и без знака
         C:\instit\lab\ОАИП\lab15\dop1\dop2\check.h(352,20): warning C4018: <: несоответствие типов со знаком и без знака
         C:\instit\lab\ОАИП\lab15\dop1\dop2\Source.cpp(129,1): warning C4326: возвращаемый тип "main" должен быть "int", а не "void"

    Предупреждений: 21
    Ошибок: 0

Прошло времени 00:00:01.31
