Сборка начата 11.04.2022 16:38:41.
Уровень детализации журнала: Normal.     1>Проект "C:\instit\lab\ОАИП\lab11\var8\var8\var8.vcxproj" в узле 2 (целевые объекты Build).
     1>InitializeBuildStatus:
         Создание "Debug\var8.tlog\unsuccessfulbuild", так как было задано "AlwaysCreate".
       ClCompile:
         C:\Program Files (x86)\Microsoft Visual Studio\2019\Community\VC\Tools\MSVC\14.29.30133\bin\HostX86\x86\CL.exe /c /ZI /JMC /nologo /W3 /WX- /diagnostics:column /sdl /Od /Oy- /D WIN32 /D _DEBUG /D _CONSOLE /D _UNICODE /D UNICODE /Gm- /EHsc /RTC1 /MDd /GS /fp:precise /permissive- /Zc:wchar_t /Zc:forScope /Zc:inline /Fo"Debug\\" /Fd"Debug\vc142.pdb" /external:W3 /Gd /TP /analyze- /FC /errorReport:prompt var8.cpp
         var8.cpp
     1>C:\instit\lab\ОАИП\lab11\var8\var8\var8.cpp(203,19): warning C4101: n3: неиспользованная локальная переменная
       Link:
         C:\Program Files (x86)\Microsoft Visual Studio\2019\Community\VC\Tools\MSVC\14.29.30133\bin\HostX86\x86\link.exe /ERRORREPORT:PROMPT /OUT:"C:\instit\lab\ОАИП\lab11\var8\Debug\var8.exe" /INCREMENTAL /ILK:"Debug\var8.ilk" /NOLOGO kernel32.lib user32.lib gdi32.lib winspool.lib comdlg32.lib advapi32.lib shell32.lib ole32.lib oleaut32.lib uuid.lib odbc32.lib odbccp32.lib /MANIFEST /MANIFESTUAC:"level='asInvoker' uiAccess='false'" /manifest:embed /DEBUG /PDB:"C:\instit\lab\ОАИП\lab11\var8\Debug\var8.pdb" /SUBSYSTEM:CONSOLE /TLBID:1 /DYNAMICBASE /NXCOMPAT /IMPLIB:"C:\instit\lab\ОАИП\lab11\var8\Debug\var8.lib" /MACHINE:X86 Debug\var8.obj
         var8.vcxproj -> C:\instit\lab\ОАИП\lab11\var8\Debug\var8.exe
       FinalizeBuildStatus:
         Файл "Debug\var8.tlog\unsuccessfulbuild" удаляется.
         Обращение к "Debug\var8.tlog\var8.lastbuildstate".
     1>Сборка проекта "C:\instit\lab\ОАИП\lab11\var8\var8\var8.vcxproj" завершена (целевые объекты Build).

Сборка успешно завершена.

       "C:\instit\lab\ОАИП\lab11\var8\var8\var8.vcxproj" (целевой объект Build ) (1) ->
       (Целевой объект ClCompile) -> 
         C:\instit\lab\ОАИП\lab11\var8\var8\var8.cpp(203,19): warning C4101: n3: неиспользованная локальная переменная

    Предупреждений: 1
    Ошибок: 0

Прошло времени 00:00:01.02
