Сборка начата 04.04.2022 17:01:39.
Уровень детализации журнала: Normal.     1>Проект "C:\instit\lab\ОАИП\lab9\dop2\dop2\dop2.vcxproj" в узле 2 (целевые объекты Build).
     1>InitializeBuildStatus:
         Создание "Debug\dop2.tlog\unsuccessfulbuild", так как было задано "AlwaysCreate".
       ClCompile:
         C:\Program Files (x86)\Microsoft Visual Studio\2019\Community\VC\Tools\MSVC\14.29.30133\bin\HostX86\x86\CL.exe /c /ZI /JMC /nologo /W3 /WX- /diagnostics:column /sdl /Od /Oy- /D WIN32 /D _DEBUG /D _CONSOLE /D _UNICODE /D UNICODE /Gm- /EHsc /RTC1 /MDd /GS /fp:precise /permissive- /Zc:wchar_t /Zc:forScope /Zc:inline /Fo"Debug\\" /Fd"Debug\vc142.pdb" /external:W3 /Gd /TP /analyze- /FC /errorReport:prompt dop2.cpp
         dop2.cpp
     1>C:\instit\lab\ОАИП\lab9\dop2\dop2\dop2.cpp(340,7): warning C4101: s: неиспользованная локальная переменная
     1>C:\instit\lab\ОАИП\lab9\dop2\dop2\dop2.cpp(340,18): warning C4101: c: неиспользованная локальная переменная
       Link:
         C:\Program Files (x86)\Microsoft Visual Studio\2019\Community\VC\Tools\MSVC\14.29.30133\bin\HostX86\x86\link.exe /ERRORREPORT:PROMPT /OUT:"C:\instit\lab\ОАИП\lab9\dop2\Debug\dop2.exe" /INCREMENTAL /ILK:"Debug\dop2.ilk" /NOLOGO kernel32.lib user32.lib gdi32.lib winspool.lib comdlg32.lib advapi32.lib shell32.lib ole32.lib oleaut32.lib uuid.lib odbc32.lib odbccp32.lib /MANIFEST /MANIFESTUAC:"level='asInvoker' uiAccess='false'" /manifest:embed /DEBUG /PDB:"C:\instit\lab\ОАИП\lab9\dop2\Debug\dop2.pdb" /SUBSYSTEM:CONSOLE /TLBID:1 /DYNAMICBASE /NXCOMPAT /IMPLIB:"C:\instit\lab\ОАИП\lab9\dop2\Debug\dop2.lib" /MACHINE:X86 Debug\dop2.obj
         dop2.vcxproj -> C:\instit\lab\ОАИП\lab9\dop2\Debug\dop2.exe
       FinalizeBuildStatus:
         Файл "Debug\dop2.tlog\unsuccessfulbuild" удаляется.
         Обращение к "Debug\dop2.tlog\dop2.lastbuildstate".
     1>Сборка проекта "C:\instit\lab\ОАИП\lab9\dop2\dop2\dop2.vcxproj" завершена (целевые объекты Build).

Сборка успешно завершена.

       "C:\instit\lab\ОАИП\lab9\dop2\dop2\dop2.vcxproj" (целевой объект Build ) (1) ->
       (Целевой объект ClCompile) -> 
         C:\instit\lab\ОАИП\lab9\dop2\dop2\dop2.cpp(340,7): warning C4101: s: неиспользованная локальная переменная
         C:\instit\lab\ОАИП\lab9\dop2\dop2\dop2.cpp(340,18): warning C4101: c: неиспользованная локальная переменная

    Предупреждений: 2
    Ошибок: 0

Прошло времени 00:00:01.16
