Сборка начата 04.04.2022 17:11:59.
Уровень детализации журнала: Normal.     1>Проект "C:\instit\lab\ОАИП\lab10\dop4\dop4\dop4.vcxproj" в узле 2 (целевые объекты Build).
     1>InitializeBuildStatus:
         Создание "Debug\dop4.tlog\unsuccessfulbuild", так как было задано "AlwaysCreate".
       ClCompile:
         C:\Program Files (x86)\Microsoft Visual Studio\2019\Community\VC\Tools\MSVC\14.29.30133\bin\HostX86\x86\CL.exe /c /ZI /JMC /nologo /W3 /WX- /diagnostics:column /sdl /Od /Oy- /D WIN32 /D _DEBUG /D _CONSOLE /D _UNICODE /D UNICODE /Gm- /EHsc /RTC1 /MDd /GS /fp:precise /permissive- /Zc:wchar_t /Zc:forScope /Zc:inline /Fo"Debug\\" /Fd"Debug\vc142.pdb" /external:W3 /Gd /TP /analyze- /FC /errorReport:prompt dop4.cpp
         dop4.cpp
     1>C:\instit\lab\ОАИП\lab10\dop4\dop4\dop4.cpp(18): warning C4715: step: значение возвращается не при всех путях выполнения
       Link:
         C:\Program Files (x86)\Microsoft Visual Studio\2019\Community\VC\Tools\MSVC\14.29.30133\bin\HostX86\x86\link.exe /ERRORREPORT:PROMPT /OUT:"C:\instit\lab\ОАИП\lab10\dop4\Debug\dop4.exe" /INCREMENTAL /ILK:"Debug\dop4.ilk" /NOLOGO kernel32.lib user32.lib gdi32.lib winspool.lib comdlg32.lib advapi32.lib shell32.lib ole32.lib oleaut32.lib uuid.lib odbc32.lib odbccp32.lib /MANIFEST /MANIFESTUAC:"level='asInvoker' uiAccess='false'" /manifest:embed /DEBUG /PDB:"C:\instit\lab\ОАИП\lab10\dop4\Debug\dop4.pdb" /SUBSYSTEM:CONSOLE /TLBID:1 /DYNAMICBASE /NXCOMPAT /IMPLIB:"C:\instit\lab\ОАИП\lab10\dop4\Debug\dop4.lib" /MACHINE:X86 Debug\dop4.obj
         dop4.vcxproj -> C:\instit\lab\ОАИП\lab10\dop4\Debug\dop4.exe
       FinalizeBuildStatus:
         Файл "Debug\dop4.tlog\unsuccessfulbuild" удаляется.
         Обращение к "Debug\dop4.tlog\dop4.lastbuildstate".
     1>Сборка проекта "C:\instit\lab\ОАИП\lab10\dop4\dop4\dop4.vcxproj" завершена (целевые объекты Build).

Сборка успешно завершена.

       "C:\instit\lab\ОАИП\lab10\dop4\dop4\dop4.vcxproj" (целевой объект Build ) (1) ->
       (Целевой объект ClCompile) -> 
         C:\instit\lab\ОАИП\lab10\dop4\dop4\dop4.cpp(18): warning C4715: step: значение возвращается не при всех путях выполнения

    Предупреждений: 1
    Ошибок: 0

Прошло времени 00:00:01.36
