Сборка начата 16.05.2022 17:16:01.
Уровень детализации журнала: Normal.     1>Проект "C:\instit\lab\ОАИП\lab15\zd1\zd1\zd1.vcxproj" в узле 2 (целевые объекты Build).
     1>InitializeBuildStatus:
         Создание "Debug\zd1.tlog\unsuccessfulbuild", так как было задано "AlwaysCreate".
       ClCompile:
         C:\Program Files (x86)\Microsoft Visual Studio\2019\Community\VC\Tools\MSVC\14.29.30133\bin\HostX86\x86\CL.exe /c /ZI /JMC /nologo /W3 /WX- /diagnostics:column /sdl /Od /Oy- /D WIN32 /D _DEBUG /D _CONSOLE /D _UNICODE /D UNICODE /Gm- /EHsc /RTC1 /MDd /GS /fp:precise /permissive- /Zc:wchar_t /Zc:forScope /Zc:inline /Fo"Debug\\" /Fd"Debug\vc142.pdb" /external:W3 /Gd /TP /analyze- /FC /errorReport:prompt zd1.cpp
         zd1.cpp
     1>C:\instit\lab\ОАИП\lab15\zd1\zd1\zd1.cpp(20,20): warning C4018: <: несоответствие типов со знаком и без знака
       Link:
         C:\Program Files (x86)\Microsoft Visual Studio\2019\Community\VC\Tools\MSVC\14.29.30133\bin\HostX86\x86\link.exe /ERRORREPORT:PROMPT /OUT:"C:\instit\lab\ОАИП\lab15\zd1\Debug\zd1.exe" /INCREMENTAL /ILK:"Debug\zd1.ilk" /NOLOGO kernel32.lib user32.lib gdi32.lib winspool.lib comdlg32.lib advapi32.lib shell32.lib ole32.lib oleaut32.lib uuid.lib odbc32.lib odbccp32.lib /MANIFEST /MANIFESTUAC:"level='asInvoker' uiAccess='false'" /manifest:embed /DEBUG /PDB:"C:\instit\lab\ОАИП\lab15\zd1\Debug\zd1.pdb" /SUBSYSTEM:CONSOLE /TLBID:1 /DYNAMICBASE /NXCOMPAT /IMPLIB:"C:\instit\lab\ОАИП\lab15\zd1\Debug\zd1.lib" /MACHINE:X86 Debug\Source.obj
         Debug\zd1.obj
         zd1.vcxproj -> C:\instit\lab\ОАИП\lab15\zd1\Debug\zd1.exe
       FinalizeBuildStatus:
         Файл "Debug\zd1.tlog\unsuccessfulbuild" удаляется.
         Обращение к "Debug\zd1.tlog\zd1.lastbuildstate".
     1>Сборка проекта "C:\instit\lab\ОАИП\lab15\zd1\zd1\zd1.vcxproj" завершена (целевые объекты Build).

Сборка успешно завершена.

       "C:\instit\lab\ОАИП\lab15\zd1\zd1\zd1.vcxproj" (целевой объект Build ) (1) ->
       (Целевой объект ClCompile) -> 
         C:\instit\lab\ОАИП\lab15\zd1\zd1\zd1.cpp(20,20): warning C4018: <: несоответствие типов со знаком и без знака

    Предупреждений: 1
    Ошибок: 0

Прошло времени 00:00:02.29
