Сборка начата 10.05.2022 16:37:12.
Уровень детализации журнала: Normal.     1>Проект "C:\instit\lab\КПО\lab11\lb\dop\dop.vcxproj" в узле 2 (целевые объекты Build).
     1>InitializeBuildStatus:
         Создание "Debug\dop.tlog\unsuccessfulbuild", так как было задано "AlwaysCreate".
       ClCompile:
         C:\Program Files (x86)\Microsoft Visual Studio\2019\Community\VC\Tools\MSVC\14.29.30133\bin\HostX86\x86\CL.exe /c /ZI /JMC /nologo /W3 /WX- /diagnostics:column /sdl /Od /Oy- /D WIN32 /D _DEBUG /D _CONSOLE /D _UNICODE /D UNICODE /Gm- /EHsc /RTC1 /MDd /GS /fp:precise /permissive- /Zc:wchar_t /Zc:forScope /Zc:inline /Fo"Debug\\" /Fd"Debug\vc142.pdb" /external:W3 /Gd /TP /analyze- /FC /errorReport:prompt dop1.cpp
         dop1.cpp
     1>C:\instit\lab\КПО\lab11\lb\dop\dop1.cpp(6,1): warning C4326: возвращаемый тип "main" должен быть "int", а не "void"
       Link:
         C:\Program Files (x86)\Microsoft Visual Studio\2019\Community\VC\Tools\MSVC\14.29.30133\bin\HostX86\x86\link.exe /ERRORREPORT:PROMPT /OUT:"C:\instit\lab\КПО\lab11\lb\Debug\dop.exe" /INCREMENTAL /ILK:"Debug\dop.ilk" /NOLOGO kernel32.lib user32.lib gdi32.lib winspool.lib comdlg32.lib advapi32.lib shell32.lib ole32.lib oleaut32.lib uuid.lib odbc32.lib odbccp32.lib /MANIFEST /MANIFESTUAC:"level='asInvoker' uiAccess='false'" /manifest:embed /DEBUG /PDB:"C:\instit\lab\КПО\lab11\lb\Debug\dop.pdb" /SUBSYSTEM:CONSOLE /TLBID:1 /DYNAMICBASE /NXCOMPAT /IMPLIB:"C:\instit\lab\КПО\lab11\lb\Debug\dop.lib" /MACHINE:X86 Debug\dop1.obj
         dop.vcxproj -> C:\instit\lab\КПО\lab11\lb\Debug\dop.exe
       FinalizeBuildStatus:
         Файл "Debug\dop.tlog\unsuccessfulbuild" удаляется.
         Обращение к "Debug\dop.tlog\dop.lastbuildstate".
     1>Сборка проекта "C:\instit\lab\КПО\lab11\lb\dop\dop.vcxproj" завершена (целевые объекты Build).

Сборка успешно завершена.

       "C:\instit\lab\КПО\lab11\lb\dop\dop.vcxproj" (целевой объект Build ) (1) ->
       (Целевой объект ClCompile) -> 
         C:\instit\lab\КПО\lab11\lb\dop\dop1.cpp(6,1): warning C4326: возвращаемый тип "main" должен быть "int", а не "void"

    Предупреждений: 1
    Ошибок: 0

Прошло времени 00:00:01.24
