Сборка начата 18.03.2022 11:08:09.
Уровень детализации журнала: Normal.     1>Проект "C:\instit\lab\КПО\Leapyears\Leapyears\Leapyears.vcxproj" в узле 2 (целевые объекты Build).
     1>InitializeBuildStatus:
         Создание "Debug\Leapyears.tlog\unsuccessfulbuild", так как было задано "AlwaysCreate".
       ClCompile:
         C:\Program Files (x86)\Microsoft Visual Studio\2019\Community\VC\Tools\MSVC\14.29.30133\bin\HostX86\x86\CL.exe /c /ZI /JMC /nologo /W3 /WX- /diagnostics:column /sdl /Od /Oy- /D WIN32 /D _DEBUG /D _CONSOLE /D _UNICODE /D UNICODE /Gm- /EHsc /RTC1 /MDd /GS /fp:precise /permissive- /Zc:wchar_t /Zc:forScope /Zc:inline /FAcs /FAu /Fa"Debug\\" /Fo"Debug\\" /Fd"Debug\vc142.pdb" /external:W3 /Gd /TP /analyze- /FC /errorReport:prompt Leapyears.cpp
     1>cl : командная строка warning D9025: переопределение "/FAcs" на "/FAu"
         Leapyears.cpp
       Link:
         C:\Program Files (x86)\Microsoft Visual Studio\2019\Community\VC\Tools\MSVC\14.29.30133\bin\HostX86\x86\link.exe /ERRORREPORT:PROMPT /OUT:"C:\instit\lab\КПО\Leapyears\Debug\Leapyears.exe" /INCREMENTAL /ILK:"Debug\Leapyears.ilk" /NOLOGO kernel32.lib user32.lib gdi32.lib winspool.lib comdlg32.lib advapi32.lib shell32.lib ole32.lib oleaut32.lib uuid.lib odbc32.lib odbccp32.lib /MANIFEST /MANIFESTUAC:"level='asInvoker' uiAccess='false'" /manifest:embed /DEBUG /PDB:"C:\instit\lab\КПО\Leapyears\Debug\Leapyears.pdb" /SUBSYSTEM:CONSOLE /TLBID:1 /DYNAMICBASE /NXCOMPAT /IMPLIB:"C:\instit\lab\КПО\Leapyears\Debug\Leapyears.lib" /MACHINE:X86 Debug\Leapyears.obj
         Leapyears.vcxproj -> C:\instit\lab\КПО\Leapyears\Debug\Leapyears.exe
       FinalizeBuildStatus:
         Файл "Debug\Leapyears.tlog\unsuccessfulbuild" удаляется.
         Обращение к "Debug\Leapyears.tlog\Leapyears.lastbuildstate".
     1>Сборка проекта "C:\instit\lab\КПО\Leapyears\Leapyears\Leapyears.vcxproj" завершена (целевые объекты Build).

Сборка успешно завершена.

       "C:\instit\lab\КПО\Leapyears\Leapyears\Leapyears.vcxproj" (целевой объект Build ) (1) ->
       (Целевой объект ClCompile) -> 
         cl : командная строка warning D9025: переопределение "/FAcs" на "/FAu"

    Предупреждений: 1
    Ошибок: 0

Прошло времени 00:00:01.58
