Сборка начата 21.03.2022 16:59:16.
Уровень детализации журнала: Normal.     1>Проект "C:\instit\lab\ОАИП\lab7\dop2\dop2\dop2.vcxproj" в узле 2 (целевые объекты Build).
     1>InitializeBuildStatus:
         Создание "Debug\dop2.tlog\unsuccessfulbuild", так как было задано "AlwaysCreate".
       ClCompile:
         C:\Program Files (x86)\Microsoft Visual Studio\2019\Community\VC\Tools\MSVC\14.29.30133\bin\HostX86\x86\CL.exe /c /ZI /JMC /nologo /W3 /WX- /diagnostics:column /sdl /Od /Oy- /D WIN32 /D _DEBUG /D _CONSOLE /D _UNICODE /D UNICODE /Gm- /EHsc /RTC1 /MDd /GS /fp:precise /permissive- /Zc:wchar_t /Zc:forScope /Zc:inline /Fo"Debug\\" /Fd"Debug\vc142.pdb" /external:W3 /Gd /TP /analyze- /FC /errorReport:prompt dop2.cpp
         dop2.cpp
     1>C:\instit\lab\ОАИП\lab7\dop2\dop2\check.h(12,20): warning C4018: <: несоответствие типов со знаком и без знака
     1>C:\instit\lab\ОАИП\lab7\dop2\dop2\check.h(14,21): warning C4018: <: несоответствие типов со знаком и без знака
     1>C:\instit\lab\ОАИП\lab7\dop2\dop2\check.h(45,20): warning C4018: <: несоответствие типов со знаком и без знака
     1>C:\instit\lab\ОАИП\lab7\dop2\dop2\check.h(47,21): warning C4018: <: несоответствие типов со знаком и без знака
     1>C:\instit\lab\ОАИП\lab7\dop2\dop2\check.h(75,21): warning C4018: <: несоответствие типов со знаком и без знака
     1>C:\instit\lab\ОАИП\lab7\dop2\dop2\check.h(102,20): warning C4018: <: несоответствие типов со знаком и без знака
     1>C:\instit\lab\ОАИП\lab7\dop2\dop2\check.h(104,21): warning C4018: <: несоответствие типов со знаком и без знака
     1>C:\instit\lab\ОАИП\lab7\dop2\dop2\check.h(141,21): warning C4018: <: несоответствие типов со знаком и без знака
     1>C:\instit\lab\ОАИП\lab7\dop2\dop2\check.h(174,20): warning C4018: <: несоответствие типов со знаком и без знака
     1>C:\instit\lab\ОАИП\lab7\dop2\dop2\check.h(178,26): warning C4018: <: несоответствие типов со знаком и без знака
     1>C:\instit\lab\ОАИП\lab7\dop2\dop2\check.h(182,24): warning C4018: <: несоответствие типов со знаком и без знака
     1>C:\instit\lab\ОАИП\lab7\dop2\dop2\check.h(200,20): warning C4018: <: несоответствие типов со знаком и без знака
     1>C:\instit\lab\ОАИП\lab7\dop2\dop2\check.h(204,26): warning C4018: <: несоответствие типов со знаком и без знака
     1>C:\instit\lab\ОАИП\lab7\dop2\dop2\check.h(208,24): warning C4018: <: несоответствие типов со знаком и без знака
     1>C:\instit\lab\ОАИП\lab7\dop2\dop2\check.h(230,20): warning C4018: <: несоответствие типов со знаком и без знака
     1>C:\instit\lab\ОАИП\lab7\dop2\dop2\check.h(252,20): warning C4018: <: несоответствие типов со знаком и без знака
     1>C:\instit\lab\ОАИП\lab7\dop2\dop2\check.h(274,20): warning C4018: <: несоответствие типов со знаком и без знака
     1>C:\instit\lab\ОАИП\lab7\dop2\dop2\check.h(296,20): warning C4018: <: несоответствие типов со знаком и без знака
     1>C:\instit\lab\ОАИП\lab7\dop2\dop2\check.h(314,20): warning C4018: <=: несоответствие типов со знаком и без знака
     1>C:\instit\lab\ОАИП\lab7\dop2\dop2\check.h(336,20): warning C4018: <: несоответствие типов со знаком и без знака
     1>C:\instit\lab\ОАИП\lab7\dop2\dop2\dop2.cpp(41,18): warning C4018: <=: несоответствие типов со знаком и без знака
       Link:
         C:\Program Files (x86)\Microsoft Visual Studio\2019\Community\VC\Tools\MSVC\14.29.30133\bin\HostX86\x86\link.exe /ERRORREPORT:PROMPT /OUT:"C:\instit\lab\ОАИП\lab7\dop2\Debug\dop2.exe" /INCREMENTAL /ILK:"Debug\dop2.ilk" /NOLOGO kernel32.lib user32.lib gdi32.lib winspool.lib comdlg32.lib advapi32.lib shell32.lib ole32.lib oleaut32.lib uuid.lib odbc32.lib odbccp32.lib /MANIFEST /MANIFESTUAC:"level='asInvoker' uiAccess='false'" /manifest:embed /DEBUG /PDB:"C:\instit\lab\ОАИП\lab7\dop2\Debug\dop2.pdb" /SUBSYSTEM:CONSOLE /TLBID:1 /DYNAMICBASE /NXCOMPAT /IMPLIB:"C:\instit\lab\ОАИП\lab7\dop2\Debug\dop2.lib" /MACHINE:X86 Debug\dop2.obj
         dop2.vcxproj -> C:\instit\lab\ОАИП\lab7\dop2\Debug\dop2.exe
       FinalizeBuildStatus:
         Файл "Debug\dop2.tlog\unsuccessfulbuild" удаляется.
         Обращение к "Debug\dop2.tlog\dop2.lastbuildstate".
     1>Сборка проекта "C:\instit\lab\ОАИП\lab7\dop2\dop2\dop2.vcxproj" завершена (целевые объекты Build).

Сборка успешно завершена.

       "C:\instit\lab\ОАИП\lab7\dop2\dop2\dop2.vcxproj" (целевой объект Build ) (1) ->
       (Целевой объект ClCompile) -> 
         C:\instit\lab\ОАИП\lab7\dop2\dop2\check.h(12,20): warning C4018: <: несоответствие типов со знаком и без знака
         C:\instit\lab\ОАИП\lab7\dop2\dop2\check.h(14,21): warning C4018: <: несоответствие типов со знаком и без знака
         C:\instit\lab\ОАИП\lab7\dop2\dop2\check.h(45,20): warning C4018: <: несоответствие типов со знаком и без знака
         C:\instit\lab\ОАИП\lab7\dop2\dop2\check.h(47,21): warning C4018: <: несоответствие типов со знаком и без знака
         C:\instit\lab\ОАИП\lab7\dop2\dop2\check.h(75,21): warning C4018: <: несоответствие типов со знаком и без знака
         C:\instit\lab\ОАИП\lab7\dop2\dop2\check.h(102,20): warning C4018: <: несоответствие типов со знаком и без знака
         C:\instit\lab\ОАИП\lab7\dop2\dop2\check.h(104,21): warning C4018: <: несоответствие типов со знаком и без знака
         C:\instit\lab\ОАИП\lab7\dop2\dop2\check.h(141,21): warning C4018: <: несоответствие типов со знаком и без знака
         C:\instit\lab\ОАИП\lab7\dop2\dop2\check.h(174,20): warning C4018: <: несоответствие типов со знаком и без знака
         C:\instit\lab\ОАИП\lab7\dop2\dop2\check.h(178,26): warning C4018: <: несоответствие типов со знаком и без знака
         C:\instit\lab\ОАИП\lab7\dop2\dop2\check.h(182,24): warning C4018: <: несоответствие типов со знаком и без знака
         C:\instit\lab\ОАИП\lab7\dop2\dop2\check.h(200,20): warning C4018: <: несоответствие типов со знаком и без знака
         C:\instit\lab\ОАИП\lab7\dop2\dop2\check.h(204,26): warning C4018: <: несоответствие типов со знаком и без знака
         C:\instit\lab\ОАИП\lab7\dop2\dop2\check.h(208,24): warning C4018: <: несоответствие типов со знаком и без знака
         C:\instit\lab\ОАИП\lab7\dop2\dop2\check.h(230,20): warning C4018: <: несоответствие типов со знаком и без знака
         C:\instit\lab\ОАИП\lab7\dop2\dop2\check.h(252,20): warning C4018: <: несоответствие типов со знаком и без знака
         C:\instit\lab\ОАИП\lab7\dop2\dop2\check.h(274,20): warning C4018: <: несоответствие типов со знаком и без знака
         C:\instit\lab\ОАИП\lab7\dop2\dop2\check.h(296,20): warning C4018: <: несоответствие типов со знаком и без знака
         C:\instit\lab\ОАИП\lab7\dop2\dop2\check.h(314,20): warning C4018: <=: несоответствие типов со знаком и без знака
         C:\instit\lab\ОАИП\lab7\dop2\dop2\check.h(336,20): warning C4018: <: несоответствие типов со знаком и без знака
         C:\instit\lab\ОАИП\lab7\dop2\dop2\dop2.cpp(41,18): warning C4018: <=: несоответствие типов со знаком и без знака

    Предупреждений: 21
    Ошибок: 0

Прошло времени 00:00:02.81
