Сборка начата 16.05.2022 17:20:30.
Уровень детализации журнала: Normal.     1>Проект "C:\instit\lab\ОАИП\lab16\dop3\dop12\dop12.vcxproj" в узле 2 (целевые объекты Build).
     1>InitializeBuildStatus:
         Создание "Debug\dop12.tlog\unsuccessfulbuild", так как было задано "AlwaysCreate".
       ClCompile:
         C:\Program Files (x86)\Microsoft Visual Studio\2019\Community\VC\Tools\MSVC\14.29.30133\bin\HostX86\x86\CL.exe /c /ZI /JMC /nologo /W3 /WX- /diagnostics:column /sdl /Od /Oy- /D WIN32 /D _DEBUG /D _CONSOLE /D _UNICODE /D UNICODE /Gm- /EHsc /RTC1 /MDd /GS /fp:precise /permissive- /Zc:wchar_t /Zc:forScope /Zc:inline /Fo"Debug\\" /Fd"Debug\vc142.pdb" /external:W3 /Gd /TP /analyze- /FC /errorReport:prompt Source.cpp
         Source.cpp
     1>C:\instit\lab\ОАИП\lab16\dop3\dop12\Source.cpp(57,6): warning C4101: max_index_of_array: неиспользованная локальная переменная
       Link:
         C:\Program Files (x86)\Microsoft Visual Studio\2019\Community\VC\Tools\MSVC\14.29.30133\bin\HostX86\x86\link.exe /ERRORREPORT:PROMPT /OUT:"C:\instit\lab\ОАИП\lab16\dop3\Debug\dop12.exe" /INCREMENTAL /ILK:"Debug\dop12.ilk" /NOLOGO kernel32.lib user32.lib gdi32.lib winspool.lib comdlg32.lib advapi32.lib shell32.lib ole32.lib oleaut32.lib uuid.lib odbc32.lib odbccp32.lib /MANIFEST /MANIFESTUAC:"level='asInvoker' uiAccess='false'" /manifest:embed /DEBUG /PDB:"C:\instit\lab\ОАИП\lab16\dop3\Debug\dop12.pdb" /SUBSYSTEM:CONSOLE /TLBID:1 /DYNAMICBASE /NXCOMPAT /IMPLIB:"C:\instit\lab\ОАИП\lab16\dop3\Debug\dop12.lib" /MACHINE:X86 Debug\Source.obj
         dop12.vcxproj -> C:\instit\lab\ОАИП\lab16\dop3\Debug\dop12.exe
       FinalizeBuildStatus:
         Файл "Debug\dop12.tlog\unsuccessfulbuild" удаляется.
         Обращение к "Debug\dop12.tlog\dop12.lastbuildstate".
     1>Сборка проекта "C:\instit\lab\ОАИП\lab16\dop3\dop12\dop12.vcxproj" завершена (целевые объекты Build).

Сборка успешно завершена.

       "C:\instit\lab\ОАИП\lab16\dop3\dop12\dop12.vcxproj" (целевой объект Build ) (1) ->
       (Целевой объект ClCompile) -> 
         C:\instit\lab\ОАИП\lab16\dop3\dop12\Source.cpp(57,6): warning C4101: max_index_of_array: неиспользованная локальная переменная

    Предупреждений: 1
    Ошибок: 0

Прошло времени 00:00:01.18
