Сборка начата 14.02.2022 17:02:46.
Уровень детализации журнала: Normal.     1>Проект "C:\instit\lab\ОАИП\lab3\вар 2 часть 2\вар 2 часть 2\вар 2 часть 2.vcxproj" в узле 2 (целевые объекты Build).
     1>InitializeBuildStatus:
         Создание "Debug\вар 2 часть 2.tlog\unsuccessfulbuild", так как было задано "AlwaysCreate".
       ClCompile:
         C:\Program Files (x86)\Microsoft Visual Studio\2019\Community\VC\Tools\MSVC\14.29.30133\bin\HostX86\x86\CL.exe /c /ZI /JMC /nologo /W3 /WX- /diagnostics:column /sdl /Od /Oy- /D WIN32 /D _DEBUG /D _CONSOLE /D _UNICODE /D UNICODE /Gm- /EHsc /RTC1 /MDd /GS /fp:precise /permissive- /Zc:wchar_t /Zc:forScope /Zc:inline /Fo"Debug\\" /Fd"Debug\vc142.pdb" /external:W3 /Gd /TP /analyze- /FC /errorReport:prompt "вар 2 часть 2.cpp"
         вар 2 часть 2.cpp
     1>C:\instit\lab\ОАИП\lab3\вар 2 часть 2\вар 2 часть 2\вар 2 часть 2.cpp(8,1): warning C4326: возвращаемый тип "main" должен быть "int", а не "void"
     1>C:\instit\lab\ОАИП\lab3\вар 2 часть 2\вар 2 часть 2\вар 2 часть 2.cpp(10,20): warning C4101: sm: неиспользованная локальная переменная
       Link:
         C:\Program Files (x86)\Microsoft Visual Studio\2019\Community\VC\Tools\MSVC\14.29.30133\bin\HostX86\x86\link.exe /ERRORREPORT:PROMPT /OUT:"C:\instit\lab\ОАИП\lab3\вар 2 часть 2\Debug\вар 2 часть 2.exe" /INCREMENTAL /ILK:"Debug\вар 2 часть 2.ilk" /NOLOGO kernel32.lib user32.lib gdi32.lib winspool.lib comdlg32.lib advapi32.lib shell32.lib ole32.lib oleaut32.lib uuid.lib odbc32.lib odbccp32.lib /MANIFEST /MANIFESTUAC:"level='asInvoker' uiAccess='false'" /manifest:embed /DEBUG /PDB:"C:\instit\lab\ОАИП\lab3\вар 2 часть 2\Debug\вар 2 часть 2.pdb" /SUBSYSTEM:CONSOLE /TLBID:1 /DYNAMICBASE /NXCOMPAT /IMPLIB:"C:\instit\lab\ОАИП\lab3\вар 2 часть 2\Debug\вар 2 часть 2.lib" /MACHINE:X86 "Debug\вар 2 часть 2.obj"
         вар 2 часть 2.vcxproj -> C:\instit\lab\ОАИП\lab3\вар 2 часть 2\Debug\вар 2 часть 2.exe
       FinalizeBuildStatus:
         Файл "Debug\вар 2 часть 2.tlog\unsuccessfulbuild" удаляется.
         Обращение к "Debug\вар 2 часть 2.tlog\вар 2 часть 2.lastbuildstate".
     1>Сборка проекта "C:\instit\lab\ОАИП\lab3\вар 2 часть 2\вар 2 часть 2\вар 2 часть 2.vcxproj" завершена (целевые объекты Build).

Сборка успешно завершена.

       "C:\instit\lab\ОАИП\lab3\вар 2 часть 2\вар 2 часть 2\вар 2 часть 2.vcxproj" (целевой объект Build ) (1) ->
       (Целевой объект ClCompile) -> 
         C:\instit\lab\ОАИП\lab3\вар 2 часть 2\вар 2 часть 2\вар 2 часть 2.cpp(8,1): warning C4326: возвращаемый тип "main" должен быть "int", а не "void"
         C:\instit\lab\ОАИП\lab3\вар 2 часть 2\вар 2 часть 2\вар 2 часть 2.cpp(10,20): warning C4101: sm: неиспользованная локальная переменная

    Предупреждений: 2
    Ошибок: 0

Прошло времени 00:00:02.01
