Сборка начата 21.03.2022 17:18:12.
Уровень детализации журнала: Normal.     1>Проект "C:\instit\lab\ОАИП\lab7\VAR15\VAR15\VAR15.vcxproj" в узле 2 (целевые объекты Build).
     1>InitializeBuildStatus:
         Создание "Debug\VAR15.tlog\unsuccessfulbuild", так как было задано "AlwaysCreate".
       ClCompile:
         C:\Program Files (x86)\Microsoft Visual Studio\2019\Community\VC\Tools\MSVC\14.29.30133\bin\HostX86\x86\CL.exe /c /ZI /JMC /nologo /W3 /WX- /diagnostics:column /sdl /Od /Oy- /D WIN32 /D _DEBUG /D _CONSOLE /D _UNICODE /D UNICODE /Gm- /EHsc /RTC1 /MDd /GS /fp:precise /permissive- /Zc:wchar_t /Zc:forScope /Zc:inline /Fo"Debug\\" /Fd"Debug\vc142.pdb" /external:W3 /Gd /TP /analyze- /FC /errorReport:prompt VAR15.cpp
         VAR15.cpp
     1>C:\instit\lab\ОАИП\lab7\VAR15\VAR15\VAR15.cpp(14,21): warning C4101: position: неиспользованная локальная переменная
       Link:
         C:\Program Files (x86)\Microsoft Visual Studio\2019\Community\VC\Tools\MSVC\14.29.30133\bin\HostX86\x86\link.exe /ERRORREPORT:PROMPT /OUT:"C:\instit\lab\ОАИП\lab7\VAR15\Debug\VAR15.exe" /INCREMENTAL /ILK:"Debug\VAR15.ilk" /NOLOGO kernel32.lib user32.lib gdi32.lib winspool.lib comdlg32.lib advapi32.lib shell32.lib ole32.lib oleaut32.lib uuid.lib odbc32.lib odbccp32.lib /MANIFEST /MANIFESTUAC:"level='asInvoker' uiAccess='false'" /manifest:embed /DEBUG /PDB:"C:\instit\lab\ОАИП\lab7\VAR15\Debug\VAR15.pdb" /SUBSYSTEM:CONSOLE /TLBID:1 /DYNAMICBASE /NXCOMPAT /IMPLIB:"C:\instit\lab\ОАИП\lab7\VAR15\Debug\VAR15.lib" /MACHINE:X86 Debug\MyStack.obj
         Debug\VAR15.obj
         VAR15.vcxproj -> C:\instit\lab\ОАИП\lab7\VAR15\Debug\VAR15.exe
       FinalizeBuildStatus:
         Файл "Debug\VAR15.tlog\unsuccessfulbuild" удаляется.
         Обращение к "Debug\VAR15.tlog\VAR15.lastbuildstate".
     1>Сборка проекта "C:\instit\lab\ОАИП\lab7\VAR15\VAR15\VAR15.vcxproj" завершена (целевые объекты Build).

Сборка успешно завершена.

       "C:\instit\lab\ОАИП\lab7\VAR15\VAR15\VAR15.vcxproj" (целевой объект Build ) (1) ->
       (Целевой объект ClCompile) -> 
         C:\instit\lab\ОАИП\lab7\VAR15\VAR15\VAR15.cpp(14,21): warning C4101: position: неиспользованная локальная переменная

    Предупреждений: 1
    Ошибок: 0

Прошло времени 00:00:01.25
