Сборка начата 14.03.2022 16:51:47.
Уровень детализации журнала: Normal.     1>Проект "C:\instit\lab\ОАИП\lab6\zd5\zd5\zd5.vcxproj" в узле 2 (целевые объекты Build).
     1>InitializeBuildStatus:
         Создание "Debug\zd5.tlog\unsuccessfulbuild", так как было задано "AlwaysCreate".
       ClCompile:
         C:\Program Files (x86)\Microsoft Visual Studio\2019\Community\VC\Tools\MSVC\14.29.30133\bin\HostX86\x86\CL.exe /c /ZI /JMC /nologo /W3 /WX- /diagnostics:column /sdl /Od /Oy- /D WIN32 /D _DEBUG /D _CONSOLE /D _UNICODE /D UNICODE /Gm- /EHsc /RTC1 /MDd /GS /fp:precise /permissive- /Zc:wchar_t /Zc:forScope /Zc:inline /Fo"Debug\\" /Fd"Debug\vc142.pdb" /external:W3 /Gd /TP /analyze- /FC /errorReport:prompt zd5.cpp
         zd5.cpp
     1>C:\instit\lab\ОАИП\lab6\zd5\zd5\zd5.cpp(110,10): warning C4101: buf: неиспользованная локальная переменная
     1>C:\instit\lab\ОАИП\lab6\zd5\zd5\zd5.cpp(137,24): warning C4244: =: преобразование "int" в "float", возможна потеря данных
     1>C:\instit\lab\ОАИП\lab6\zd5\zd5\zd5.cpp(153,16): warning C4244: return: преобразование "int" в "float", возможна потеря данных
     1>C:\instit\lab\ОАИП\lab6\zd5\zd5\zd5.cpp(169,20): warning C4244: return: преобразование "int" в "float", возможна потеря данных
     1>C:\instit\lab\ОАИП\lab6\zd5\zd5\zd5.cpp(208,18): warning C4244: =: преобразование "float" в "int", возможна потеря данных
       Link:
         C:\Program Files (x86)\Microsoft Visual Studio\2019\Community\VC\Tools\MSVC\14.29.30133\bin\HostX86\x86\link.exe /ERRORREPORT:PROMPT /OUT:"C:\instit\lab\ОАИП\lab6\zd5\Debug\zd5.exe" /INCREMENTAL /ILK:"Debug\zd5.ilk" /NOLOGO kernel32.lib user32.lib gdi32.lib winspool.lib comdlg32.lib advapi32.lib shell32.lib ole32.lib oleaut32.lib uuid.lib odbc32.lib odbccp32.lib /MANIFEST /MANIFESTUAC:"level='asInvoker' uiAccess='false'" /manifest:embed /DEBUG /PDB:"C:\instit\lab\ОАИП\lab6\zd5\Debug\zd5.pdb" /SUBSYSTEM:CONSOLE /TLBID:1 /DYNAMICBASE /NXCOMPAT /IMPLIB:"C:\instit\lab\ОАИП\lab6\zd5\Debug\zd5.lib" /MACHINE:X86 Debug\zd5.obj
         zd5.vcxproj -> C:\instit\lab\ОАИП\lab6\zd5\Debug\zd5.exe
       FinalizeBuildStatus:
         Файл "Debug\zd5.tlog\unsuccessfulbuild" удаляется.
         Обращение к "Debug\zd5.tlog\zd5.lastbuildstate".
     1>Сборка проекта "C:\instit\lab\ОАИП\lab6\zd5\zd5\zd5.vcxproj" завершена (целевые объекты Build).

Сборка успешно завершена.

       "C:\instit\lab\ОАИП\lab6\zd5\zd5\zd5.vcxproj" (целевой объект Build ) (1) ->
       (Целевой объект ClCompile) -> 
         C:\instit\lab\ОАИП\lab6\zd5\zd5\zd5.cpp(110,10): warning C4101: buf: неиспользованная локальная переменная
         C:\instit\lab\ОАИП\lab6\zd5\zd5\zd5.cpp(137,24): warning C4244: =: преобразование "int" в "float", возможна потеря данных
         C:\instit\lab\ОАИП\lab6\zd5\zd5\zd5.cpp(153,16): warning C4244: return: преобразование "int" в "float", возможна потеря данных
         C:\instit\lab\ОАИП\lab6\zd5\zd5\zd5.cpp(169,20): warning C4244: return: преобразование "int" в "float", возможна потеря данных
         C:\instit\lab\ОАИП\lab6\zd5\zd5\zd5.cpp(208,18): warning C4244: =: преобразование "float" в "int", возможна потеря данных

    Предупреждений: 5
    Ошибок: 0

Прошло времени 00:00:01.14
