Сборка начата 16.05.2022 16:47:14.
Уровень детализации журнала: Normal.     1>Проект "C:\instit\lab\ОАИП\lab14\var3\var3\var3.vcxproj" в узле 2 (целевые объекты Build).
     1>InitializeBuildStatus:
         Создание "Debug\var3.tlog\unsuccessfulbuild", так как было задано "AlwaysCreate".
       ClCompile:
         C:\Program Files (x86)\Microsoft Visual Studio\2019\Community\VC\Tools\MSVC\14.29.30133\bin\HostX86\x86\CL.exe /c /ZI /JMC /nologo /W3 /WX- /diagnostics:column /sdl /Od /Oy- /D WIN32 /D _DEBUG /D _CONSOLE /D _UNICODE /D UNICODE /Gm- /EHsc /RTC1 /MDd /GS /fp:precise /permissive- /Zc:wchar_t /Zc:forScope /Zc:inline /Fo"Debug\\" /Fd"Debug\vc142.pdb" /external:W3 /Gd /TP /analyze- /FC /errorReport:prompt Source.cpp
         Source.cpp
     1>C:\instit\lab\ОАИП\lab14\var3\var3\Source.cpp(7,9): warning C4101: buf: неиспользованная локальная переменная
     1>C:\instit\lab\ОАИП\lab14\var3\var3\Source.cpp(6,6): warning C4101: A: неиспользованная локальная переменная
       Link:
         C:\Program Files (x86)\Microsoft Visual Studio\2019\Community\VC\Tools\MSVC\14.29.30133\bin\HostX86\x86\link.exe /ERRORREPORT:PROMPT /OUT:"C:\instit\lab\ОАИП\lab14\var3\Debug\var3.exe" /INCREMENTAL /ILK:"Debug\var3.ilk" /NOLOGO kernel32.lib user32.lib gdi32.lib winspool.lib comdlg32.lib advapi32.lib shell32.lib ole32.lib oleaut32.lib uuid.lib odbc32.lib odbccp32.lib /MANIFEST /MANIFESTUAC:"level='asInvoker' uiAccess='false'" /manifest:embed /DEBUG /PDB:"C:\instit\lab\ОАИП\lab14\var3\Debug\var3.pdb" /SUBSYSTEM:CONSOLE /TLBID:1 /DYNAMICBASE /NXCOMPAT /IMPLIB:"C:\instit\lab\ОАИП\lab14\var3\Debug\var3.lib" /MACHINE:X86 Debug\Source.obj
         Debug\var3.obj
         var3.vcxproj -> C:\instit\lab\ОАИП\lab14\var3\Debug\var3.exe
       FinalizeBuildStatus:
         Файл "Debug\var3.tlog\unsuccessfulbuild" удаляется.
         Обращение к "Debug\var3.tlog\var3.lastbuildstate".
     1>Сборка проекта "C:\instit\lab\ОАИП\lab14\var3\var3\var3.vcxproj" завершена (целевые объекты Build).

Сборка успешно завершена.

       "C:\instit\lab\ОАИП\lab14\var3\var3\var3.vcxproj" (целевой объект Build ) (1) ->
       (Целевой объект ClCompile) -> 
         C:\instit\lab\ОАИП\lab14\var3\var3\Source.cpp(7,9): warning C4101: buf: неиспользованная локальная переменная
         C:\instit\lab\ОАИП\lab14\var3\var3\Source.cpp(6,6): warning C4101: A: неиспользованная локальная переменная

    Предупреждений: 2
    Ошибок: 0

Прошло времени 00:00:02.52
