Сборка начата 12.04.2022 11:35:24.
Уровень детализации журнала: Normal.     1>Проект "C:\instit\lab\КПО\lab7\Lab_lp\Main\Main.vcxproj" в узле 2 (целевые объекты Build).
     1>InitializeBuildStatus:
         Создание "Debug\Main.tlog\unsuccessfulbuild", так как было задано "AlwaysCreate".
       ClCompile:
         C:\Program Files (x86)\Microsoft Visual Studio\2019\Community\VC\Tools\MSVC\14.29.30133\bin\HostX86\x86\CL.exe /c /ZI /JMC /nologo /W3 /WX- /diagnostics:column /sdl /Od /Oy- /D WIN32 /D _DEBUG /D _CONSOLE /D _UNICODE /D UNICODE /D TEST_DICTIONARY /Gm- /EHsc /RTC1 /MDd /GS /fp:precise /permissive- /Zc:wchar_t /Zc:forScope /Zc:inline /Fo"Debug\\" /Fd"Debug\vc142.pdb" /external:W3 /Gd /TP /analyze- /FC /errorReport:prompt Main.cpp
         Main.cpp
     1>C:\instit\lab\КПО\lab7\Lab_lp\Main\Main.cpp(13,1): warning C4326: возвращаемый тип "main" должен быть "int", а не "void"
       Link:
         C:\Program Files (x86)\Microsoft Visual Studio\2019\Community\VC\Tools\MSVC\14.29.30133\bin\HostX86\x86\link.exe /ERRORREPORT:PROMPT /OUT:"C:\instit\lab\КПО\lab7\Lab_lp\Debug\Main.exe" /INCREMENTAL /ILK:"Debug\Main.ilk" /NOLOGO kernel32.lib user32.lib gdi32.lib winspool.lib comdlg32.lib advapi32.lib shell32.lib ole32.lib oleaut32.lib uuid.lib odbc32.lib odbccp32.lib /MANIFEST /MANIFESTUAC:"level='asInvoker' uiAccess='false'" /manifest:embed /DEBUG /PDB:"C:\instit\lab\КПО\lab7\Lab_lp\Debug\Main.pdb" /SUBSYSTEM:CONSOLE /TLBID:1 /DYNAMICBASE /NXCOMPAT /IMPLIB:"C:\instit\lab\КПО\lab7\Lab_lp\Debug\Main.lib" /MACHINE:X86 C:\\instit\\lab\\КПО\\lab7\\Lab_lp\\Debug\\Lab_07L.lib Debug\Main.obj
         Main.vcxproj -> C:\instit\lab\КПО\lab7\Lab_lp\Debug\Main.exe
       FinalizeBuildStatus:
         Файл "Debug\Main.tlog\unsuccessfulbuild" удаляется.
         Обращение к "Debug\Main.tlog\Main.lastbuildstate".
     1>Сборка проекта "C:\instit\lab\КПО\lab7\Lab_lp\Main\Main.vcxproj" завершена (целевые объекты Build).

Сборка успешно завершена.

       "C:\instit\lab\КПО\lab7\Lab_lp\Main\Main.vcxproj" (целевой объект Build ) (1) ->
       (Целевой объект ClCompile) -> 
         C:\instit\lab\КПО\lab7\Lab_lp\Main\Main.cpp(13,1): warning C4326: возвращаемый тип "main" должен быть "int", а не "void"

    Предупреждений: 1
    Ошибок: 0

Прошло времени 00:00:01.14
