Сборка начата 16.05.2022 17:28:46.
Уровень детализации журнала: Normal.     1>Проект "C:\instit\lab\ОАИП\lab13\osn\osn\osn.vcxproj" в узле 2 (целевые объекты Build).
     1>InitializeBuildStatus:
         Создание "Debug\osn.tlog\unsuccessfulbuild", так как было задано "AlwaysCreate".
       ClCompile:
         C:\Program Files (x86)\Microsoft Visual Studio\2019\Community\VC\Tools\MSVC\14.29.30133\bin\HostX86\x86\CL.exe /c /ZI /JMC /nologo /W3 /WX- /diagnostics:column /sdl /Od /Oy- /D WIN32 /D _DEBUG /D _CONSOLE /D _UNICODE /D UNICODE /Gm- /EHsc /RTC1 /MDd /GS /fp:precise /permissive- /Zc:wchar_t /Zc:forScope /Zc:inline /Fo"Debug\\" /Fd"Debug\vc142.pdb" /external:W3 /Gd /TP /analyze- /FC /errorReport:prompt Heap.cpp osn.cpp
         Heap.cpp
     1>C:\instit\lab\ОАИП\lab13\osn\osn\Heap.cpp(82,17): warning C4566: символ, представленный универсальным именем символа "\u00CA", невозможно представить в текущей кодовой странице (1251)
     1>C:\instit\lab\ОАИП\lab13\osn\osn\Heap.cpp(82,17): warning C4566: символ, представленный универсальным именем символа "\u00F3", невозможно представить в текущей кодовой странице (1251)
     1>C:\instit\lab\ОАИП\lab13\osn\osn\Heap.cpp(82,17): warning C4566: символ, представленный универсальным именем символа "\u00F7", невозможно представить в текущей кодовой странице (1251)
     1>C:\instit\lab\ОАИП\lab13\osn\osn\Heap.cpp(82,17): warning C4566: символ, представленный универсальным именем символа "\u00E0", невозможно представить в текущей кодовой странице (1251)
     1>C:\instit\lab\ОАИП\lab13\osn\osn\Heap.cpp(82,17): warning C4566: символ, представленный универсальным именем символа "\u00EF", невозможно представить в текущей кодовой странице (1251)
     1>C:\instit\lab\ОАИП\lab13\osn\osn\Heap.cpp(82,17): warning C4566: символ, представленный универсальным именем символа "\u00F1", невозможно представить в текущей кодовой странице (1251)
     1>C:\instit\lab\ОАИП\lab13\osn\osn\Heap.cpp(82,17): warning C4566: символ, представленный универсальным именем символа "\u00F2", невозможно представить в текущей кодовой странице (1251)
         osn.cpp
         Создание кода...
       Link:
         C:\Program Files (x86)\Microsoft Visual Studio\2019\Community\VC\Tools\MSVC\14.29.30133\bin\HostX86\x86\link.exe /ERRORREPORT:PROMPT /OUT:"C:\instit\lab\ОАИП\lab13\osn\Debug\osn.exe" /INCREMENTAL /ILK:"Debug\osn.ilk" /NOLOGO kernel32.lib user32.lib gdi32.lib winspool.lib comdlg32.lib advapi32.lib shell32.lib ole32.lib oleaut32.lib uuid.lib odbc32.lib odbccp32.lib /MANIFEST /MANIFESTUAC:"level='asInvoker' uiAccess='false'" /manifest:embed /DEBUG /PDB:"C:\instit\lab\ОАИП\lab13\osn\Debug\osn.pdb" /SUBSYSTEM:CONSOLE /TLBID:1 /DYNAMICBASE /NXCOMPAT /IMPLIB:"C:\instit\lab\ОАИП\lab13\osn\Debug\osn.lib" /MACHINE:X86 Debug\Heap.obj
         Debug\osn.obj
         osn.vcxproj -> C:\instit\lab\ОАИП\lab13\osn\Debug\osn.exe
       FinalizeBuildStatus:
         Файл "Debug\osn.tlog\unsuccessfulbuild" удаляется.
         Обращение к "Debug\osn.tlog\osn.lastbuildstate".
     1>Сборка проекта "C:\instit\lab\ОАИП\lab13\osn\osn\osn.vcxproj" завершена (целевые объекты Build).

Сборка успешно завершена.

       "C:\instit\lab\ОАИП\lab13\osn\osn\osn.vcxproj" (целевой объект Build ) (1) ->
       (Целевой объект ClCompile) -> 
         C:\instit\lab\ОАИП\lab13\osn\osn\Heap.cpp(82,17): warning C4566: символ, представленный универсальным именем символа "\u00CA", невозможно представить в текущей кодовой странице (1251)
         C:\instit\lab\ОАИП\lab13\osn\osn\Heap.cpp(82,17): warning C4566: символ, представленный универсальным именем символа "\u00F3", невозможно представить в текущей кодовой странице (1251)
         C:\instit\lab\ОАИП\lab13\osn\osn\Heap.cpp(82,17): warning C4566: символ, представленный универсальным именем символа "\u00F7", невозможно представить в текущей кодовой странице (1251)
         C:\instit\lab\ОАИП\lab13\osn\osn\Heap.cpp(82,17): warning C4566: символ, представленный универсальным именем символа "\u00E0", невозможно представить в текущей кодовой странице (1251)
         C:\instit\lab\ОАИП\lab13\osn\osn\Heap.cpp(82,17): warning C4566: символ, представленный универсальным именем символа "\u00EF", невозможно представить в текущей кодовой странице (1251)
         C:\instit\lab\ОАИП\lab13\osn\osn\Heap.cpp(82,17): warning C4566: символ, представленный универсальным именем символа "\u00F1", невозможно представить в текущей кодовой странице (1251)
         C:\instit\lab\ОАИП\lab13\osn\osn\Heap.cpp(82,17): warning C4566: символ, представленный универсальным именем символа "\u00F2", невозможно представить в текущей кодовой странице (1251)

    Предупреждений: 7
    Ошибок: 0

Прошло времени 00:00:02.29
